[0.184s] DEBUG:colcon:Command line arguments: ['/usr/bin/colcon', 'build']
[0.185s] DEBUG:colcon:Parsed command line arguments: Namespace(log_base=None, log_level=None, verb_name='build', build_base='build', install_base='install', merge_install=False, symlink_install=False, test_result_base=None, continue_on_error=False, executor='parallel', parallel_workers=12, event_handlers=None, ignore_user_meta=False, metas=['./colcon.meta'], base_paths=['.'], packages_ignore=None, packages_ignore_regex=None, paths=None, packages_up_to=None, packages_up_to_regex=None, packages_above=None, packages_above_and_dependencies=None, packages_above_depth=None, packages_select_by_dep=None, packages_skip_by_dep=None, packages_skip_up_to=None, packages_select_build_failed=False, packages_skip_build_finished=False, packages_select_test_failures=False, packages_skip_test_passed=False, packages_select=None, packages_skip=None, packages_select_regex=None, packages_skip_regex=None, packages_start=None, packages_end=None, allow_overriding=[], cmake_args=None, cmake_target=None, cmake_target_skip_unavailable=False, cmake_clean_cache=False, cmake_clean_first=False, cmake_force_configure=False, ament_cmake_args=None, catkin_cmake_args=None, catkin_skip_building_tests=False, verb_parser=<colcon_defaults.argument_parser.defaults.DefaultArgumentsDecorator object at 0x7f1beb0c44f0>, verb_extension=<colcon_core.verb.build.BuildVerb object at 0x7f1beb097f40>, main=<bound method BuildVerb.main of <colcon_core.verb.build.BuildVerb object at 0x7f1beb097f40>>)
[0.340s] Level 1:colcon.colcon_core.package_discovery:discover_packages(colcon_meta) check parameters
[0.340s] Level 1:colcon.colcon_core.package_discovery:discover_packages(recursive) check parameters
[0.340s] Level 1:colcon.colcon_core.package_discovery:discover_packages(ignore) check parameters
[0.340s] Level 1:colcon.colcon_core.package_discovery:discover_packages(path) check parameters
[0.340s] Level 1:colcon.colcon_core.package_discovery:discover_packages(colcon_meta) discover
[0.341s] Level 1:colcon.colcon_core.package_discovery:discover_packages(recursive) discover
[0.341s] INFO:colcon.colcon_core.package_discovery:Crawling recursively for packages in '/home/khushal/campus_tour_ws'
[0.341s] Level 1:colcon.colcon_core.package_identification:_identify(.) by extensions ['ignore', 'ignore_ament_install']
[0.341s] Level 1:colcon.colcon_core.package_identification:_identify(.) by extension 'ignore'
[0.341s] Level 1:colcon.colcon_core.package_identification:_identify(.) by extension 'ignore_ament_install'
[0.341s] Level 1:colcon.colcon_core.package_identification:_identify(.) by extensions ['colcon_pkg']
[0.341s] Level 1:colcon.colcon_core.package_identification:_identify(.) by extension 'colcon_pkg'
[0.341s] Level 1:colcon.colcon_core.package_identification:_identify(.) by extensions ['colcon_meta']
[0.341s] Level 1:colcon.colcon_core.package_identification:_identify(.) by extension 'colcon_meta'
[0.341s] Level 1:colcon.colcon_core.package_identification:_identify(.) by extensions ['ros']
[0.341s] Level 1:colcon.colcon_core.package_identification:_identify(.) by extension 'ros'
[0.352s] Level 1:colcon.colcon_core.package_identification:_identify(.) by extensions ['cmake', 'python']
[0.352s] Level 1:colcon.colcon_core.package_identification:_identify(.) by extension 'cmake'
[0.352s] Level 1:colcon.colcon_core.package_identification:_identify(.) by extension 'python'
[0.352s] Level 1:colcon.colcon_core.package_identification:_identify(.) by extensions ['python_setup_py']
[0.352s] Level 1:colcon.colcon_core.package_identification:_identify(.) by extension 'python_setup_py'
[0.352s] Level 1:colcon.colcon_core.package_identification:_identify(build) by extensions ['ignore', 'ignore_ament_install']
[0.352s] Level 1:colcon.colcon_core.package_identification:_identify(build) by extension 'ignore'
[0.352s] Level 1:colcon.colcon_core.package_identification:_identify(build) ignored
[0.353s] Level 1:colcon.colcon_core.package_identification:_identify(install) by extensions ['ignore', 'ignore_ament_install']
[0.353s] Level 1:colcon.colcon_core.package_identification:_identify(install) by extension 'ignore'
[0.353s] Level 1:colcon.colcon_core.package_identification:_identify(install) ignored
[0.353s] Level 1:colcon.colcon_core.package_identification:_identify(log) by extensions ['ignore', 'ignore_ament_install']
[0.353s] Level 1:colcon.colcon_core.package_identification:_identify(log) by extension 'ignore'
[0.353s] Level 1:colcon.colcon_core.package_identification:_identify(log) ignored
[0.353s] Level 1:colcon.colcon_core.package_identification:_identify(src) by extensions ['ignore', 'ignore_ament_install']
[0.353s] Level 1:colcon.colcon_core.package_identification:_identify(src) by extension 'ignore'
[0.353s] Level 1:colcon.colcon_core.package_identification:_identify(src) by extension 'ignore_ament_install'
[0.353s] Level 1:colcon.colcon_core.package_identification:_identify(src) by extensions ['colcon_pkg']
[0.353s] Level 1:colcon.colcon_core.package_identification:_identify(src) by extension 'colcon_pkg'
[0.353s] Level 1:colcon.colcon_core.package_identification:_identify(src) by extensions ['colcon_meta']
[0.353s] Level 1:colcon.colcon_core.package_identification:_identify(src) by extension 'colcon_meta'
[0.353s] Level 1:colcon.colcon_core.package_identification:_identify(src) by extensions ['ros']
[0.353s] Level 1:colcon.colcon_core.package_identification:_identify(src) by extension 'ros'
[0.353s] Level 1:colcon.colcon_core.package_identification:_identify(src) by extensions ['cmake', 'python']
[0.353s] Level 1:colcon.colcon_core.package_identification:_identify(src) by extension 'cmake'
[0.353s] Level 1:colcon.colcon_core.package_identification:_identify(src) by extension 'python'
[0.353s] Level 1:colcon.colcon_core.package_identification:_identify(src) by extensions ['python_setup_py']
[0.353s] Level 1:colcon.colcon_core.package_identification:_identify(src) by extension 'python_setup_py'
[0.353s] Level 1:colcon.colcon_core.package_identification:_identify(src/bi_agents) by extensions ['ignore', 'ignore_ament_install']
[0.354s] Level 1:colcon.colcon_core.package_identification:_identify(src/bi_agents) by extension 'ignore'
[0.354s] Level 1:colcon.colcon_core.package_identification:_identify(src/bi_agents) by extension 'ignore_ament_install'
[0.354s] Level 1:colcon.colcon_core.package_identification:_identify(src/bi_agents) by extensions ['colcon_pkg']
[0.354s] Level 1:colcon.colcon_core.package_identification:_identify(src/bi_agents) by extension 'colcon_pkg'
[0.354s] Level 1:colcon.colcon_core.package_identification:_identify(src/bi_agents) by extensions ['colcon_meta']
[0.354s] Level 1:colcon.colcon_core.package_identification:_identify(src/bi_agents) by extension 'colcon_meta'
[0.354s] Level 1:colcon.colcon_core.package_identification:_identify(src/bi_agents) by extensions ['ros']
[0.354s] Level 1:colcon.colcon_core.package_identification:_identify(src/bi_agents) by extension 'ros'
[0.356s] DEBUG:colcon.colcon_core.package_identification:Package 'src/bi_agents' with type 'ros.ament_python' and name 'bi_agents'
[0.356s] Level 1:colcon.colcon_core.package_identification:_identify(src/ci_agents) by extensions ['ignore', 'ignore_ament_install']
[0.356s] Level 1:colcon.colcon_core.package_identification:_identify(src/ci_agents) by extension 'ignore'
[0.356s] Level 1:colcon.colcon_core.package_identification:_identify(src/ci_agents) by extension 'ignore_ament_install'
[0.356s] Level 1:colcon.colcon_core.package_identification:_identify(src/ci_agents) by extensions ['colcon_pkg']
[0.356s] Level 1:colcon.colcon_core.package_identification:_identify(src/ci_agents) by extension 'colcon_pkg'
[0.356s] Level 1:colcon.colcon_core.package_identification:_identify(src/ci_agents) by extensions ['colcon_meta']
[0.356s] Level 1:colcon.colcon_core.package_identification:_identify(src/ci_agents) by extension 'colcon_meta'
[0.356s] Level 1:colcon.colcon_core.package_identification:_identify(src/ci_agents) by extensions ['ros']
[0.356s] Level 1:colcon.colcon_core.package_identification:_identify(src/ci_agents) by extension 'ros'
[0.357s] DEBUG:colcon.colcon_core.package_identification:Package 'src/ci_agents' with type 'ros.ament_python' and name 'ci_agents'
[0.357s] Level 1:colcon.colcon_core.package_identification:_identify(src/visitor_agents) by extensions ['ignore', 'ignore_ament_install']
[0.357s] Level 1:colcon.colcon_core.package_identification:_identify(src/visitor_agents) by extension 'ignore'
[0.357s] Level 1:colcon.colcon_core.package_identification:_identify(src/visitor_agents) by extension 'ignore_ament_install'
[0.357s] Level 1:colcon.colcon_core.package_identification:_identify(src/visitor_agents) by extensions ['colcon_pkg']
[0.357s] Level 1:colcon.colcon_core.package_identification:_identify(src/visitor_agents) by extension 'colcon_pkg'
[0.357s] Level 1:colcon.colcon_core.package_identification:_identify(src/visitor_agents) by extensions ['colcon_meta']
[0.357s] Level 1:colcon.colcon_core.package_identification:_identify(src/visitor_agents) by extension 'colcon_meta'
[0.357s] Level 1:colcon.colcon_core.package_identification:_identify(src/visitor_agents) by extensions ['ros']
[0.357s] Level 1:colcon.colcon_core.package_identification:_identify(src/visitor_agents) by extension 'ros'
[0.358s] DEBUG:colcon.colcon_core.package_identification:Package 'src/visitor_agents' with type 'ros.ament_python' and name 'visitor_agents'
[0.358s] Level 1:colcon.colcon_core.package_discovery:discover_packages(recursive) using defaults
[0.358s] Level 1:colcon.colcon_core.package_discovery:discover_packages(ignore) discover
[0.358s] Level 1:colcon.colcon_core.package_discovery:discover_packages(ignore) using defaults
[0.358s] Level 1:colcon.colcon_core.package_discovery:discover_packages(path) discover
[0.358s] Level 1:colcon.colcon_core.package_discovery:discover_packages(path) using defaults
[0.377s] Level 1:colcon.colcon_core.package_discovery:discover_packages(prefix_path) check parameters
[0.377s] Level 1:colcon.colcon_core.package_discovery:discover_packages(prefix_path) discover
[0.379s] DEBUG:colcon.colcon_installed_package_information.package_discovery:Found 3 installed packages in /home/khushal/campus_tour_ws/install
[0.381s] DEBUG:colcon.colcon_installed_package_information.package_discovery:Found 270 installed packages in /opt/ros/humble
[0.384s] Level 1:colcon.colcon_core.package_discovery:discover_packages(prefix_path) using defaults
[0.437s] Level 5:colcon.colcon_core.verb:set package 'bi_agents' build argument 'cmake_args' from command line to 'None'
[0.438s] Level 5:colcon.colcon_core.verb:set package 'bi_agents' build argument 'cmake_target' from command line to 'None'
[0.438s] Level 5:colcon.colcon_core.verb:set package 'bi_agents' build argument 'cmake_target_skip_unavailable' from command line to 'False'
[0.438s] Level 5:colcon.colcon_core.verb:set package 'bi_agents' build argument 'cmake_clean_cache' from command line to 'False'
[0.438s] Level 5:colcon.colcon_core.verb:set package 'bi_agents' build argument 'cmake_clean_first' from command line to 'False'
[0.438s] Level 5:colcon.colcon_core.verb:set package 'bi_agents' build argument 'cmake_force_configure' from command line to 'False'
[0.438s] Level 5:colcon.colcon_core.verb:set package 'bi_agents' build argument 'ament_cmake_args' from command line to 'None'
[0.438s] Level 5:colcon.colcon_core.verb:set package 'bi_agents' build argument 'catkin_cmake_args' from command line to 'None'
[0.438s] Level 5:colcon.colcon_core.verb:set package 'bi_agents' build argument 'catkin_skip_building_tests' from command line to 'False'
[0.438s] DEBUG:colcon.colcon_core.verb:Building package 'bi_agents' with the following arguments: {'ament_cmake_args': None, 'build_base': '/home/khushal/campus_tour_ws/build/bi_agents', 'catkin_cmake_args': None, 'catkin_skip_building_tests': False, 'cmake_args': None, 'cmake_clean_cache': False, 'cmake_clean_first': False, 'cmake_force_configure': False, 'cmake_target': None, 'cmake_target_skip_unavailable': False, 'install_base': '/home/khushal/campus_tour_ws/install/bi_agents', 'merge_install': False, 'path': '/home/khushal/campus_tour_ws/src/bi_agents', 'symlink_install': False, 'test_result_base': None}
[0.438s] Level 5:colcon.colcon_core.verb:set package 'ci_agents' build argument 'cmake_args' from command line to 'None'
[0.438s] Level 5:colcon.colcon_core.verb:set package 'ci_agents' build argument 'cmake_target' from command line to 'None'
[0.438s] Level 5:colcon.colcon_core.verb:set package 'ci_agents' build argument 'cmake_target_skip_unavailable' from command line to 'False'
[0.438s] Level 5:colcon.colcon_core.verb:set package 'ci_agents' build argument 'cmake_clean_cache' from command line to 'False'
[0.438s] Level 5:colcon.colcon_core.verb:set package 'ci_agents' build argument 'cmake_clean_first' from command line to 'False'
[0.438s] Level 5:colcon.colcon_core.verb:set package 'ci_agents' build argument 'cmake_force_configure' from command line to 'False'
[0.438s] Level 5:colcon.colcon_core.verb:set package 'ci_agents' build argument 'ament_cmake_args' from command line to 'None'
[0.438s] Level 5:colcon.colcon_core.verb:set package 'ci_agents' build argument 'catkin_cmake_args' from command line to 'None'
[0.438s] Level 5:colcon.colcon_core.verb:set package 'ci_agents' build argument 'catkin_skip_building_tests' from command line to 'False'
[0.438s] DEBUG:colcon.colcon_core.verb:Building package 'ci_agents' with the following arguments: {'ament_cmake_args': None, 'build_base': '/home/khushal/campus_tour_ws/build/ci_agents', 'catkin_cmake_args': None, 'catkin_skip_building_tests': False, 'cmake_args': None, 'cmake_clean_cache': False, 'cmake_clean_first': False, 'cmake_force_configure': False, 'cmake_target': None, 'cmake_target_skip_unavailable': False, 'install_base': '/home/khushal/campus_tour_ws/install/ci_agents', 'merge_install': False, 'path': '/home/khushal/campus_tour_ws/src/ci_agents', 'symlink_install': False, 'test_result_base': None}
[0.439s] Level 5:colcon.colcon_core.verb:set package 'visitor_agents' build argument 'cmake_args' from command line to 'None'
[0.439s] Level 5:colcon.colcon_core.verb:set package 'visitor_agents' build argument 'cmake_target' from command line to 'None'
[0.439s] Level 5:colcon.colcon_core.verb:set package 'visitor_agents' build argument 'cmake_target_skip_unavailable' from command line to 'False'
[0.439s] Level 5:colcon.colcon_core.verb:set package 'visitor_agents' build argument 'cmake_clean_cache' from command line to 'False'
[0.439s] Level 5:colcon.colcon_core.verb:set package 'visitor_agents' build argument 'cmake_clean_first' from command line to 'False'
[0.439s] Level 5:colcon.colcon_core.verb:set package 'visitor_agents' build argument 'cmake_force_configure' from command line to 'False'
[0.439s] Level 5:colcon.colcon_core.verb:set package 'visitor_agents' build argument 'ament_cmake_args' from command line to 'None'
[0.439s] Level 5:colcon.colcon_core.verb:set package 'visitor_agents' build argument 'catkin_cmake_args' from command line to 'None'
[0.439s] Level 5:colcon.colcon_core.verb:set package 'visitor_agents' build argument 'catkin_skip_building_tests' from command line to 'False'
[0.439s] DEBUG:colcon.colcon_core.verb:Building package 'visitor_agents' with the following arguments: {'ament_cmake_args': None, 'build_base': '/home/khushal/campus_tour_ws/build/visitor_agents', 'catkin_cmake_args': None, 'catkin_skip_building_tests': False, 'cmake_args': None, 'cmake_clean_cache': False, 'cmake_clean_first': False, 'cmake_force_configure': False, 'cmake_target': None, 'cmake_target_skip_unavailable': False, 'install_base': '/home/khushal/campus_tour_ws/install/visitor_agents', 'merge_install': False, 'path': '/home/khushal/campus_tour_ws/src/visitor_agents', 'symlink_install': False, 'test_result_base': None}
[0.439s] INFO:colcon.colcon_core.executor:Executing jobs using 'parallel' executor
[0.440s] DEBUG:colcon.colcon_parallel_executor.executor.parallel:run_until_complete
[0.441s] INFO:colcon.colcon_ros.task.ament_python.build:Building ROS package in '/home/khushal/campus_tour_ws/src/bi_agents' with build type 'ament_python'
[0.441s] Level 1:colcon.colcon_core.shell:create_environment_hook('bi_agents', 'ament_prefix_path')
[0.444s] INFO:colcon.colcon_core.plugin_system:Skipping extension 'colcon_core.shell.bat': Not used on non-Windows systems
[0.444s] INFO:colcon.colcon_core.shell:Creating environment hook '/home/khushal/campus_tour_ws/install/bi_agents/share/bi_agents/hook/ament_prefix_path.ps1'
[0.444s] INFO:colcon.colcon_core.shell:Creating environment descriptor '/home/khushal/campus_tour_ws/install/bi_agents/share/bi_agents/hook/ament_prefix_path.dsv'
[0.445s] INFO:colcon.colcon_core.shell:Creating environment hook '/home/khushal/campus_tour_ws/install/bi_agents/share/bi_agents/hook/ament_prefix_path.sh'
[0.446s] INFO:colcon.colcon_core.shell:Skip shell extension 'powershell' for command environment: Not usable outside of PowerShell
[0.446s] DEBUG:colcon.colcon_core.shell:Skip shell extension 'dsv' for command environment
[0.448s] INFO:colcon.colcon_ros.task.ament_python.build:Building ROS package in '/home/khushal/campus_tour_ws/src/ci_agents' with build type 'ament_python'
[0.449s] Level 1:colcon.colcon_core.shell:create_environment_hook('ci_agents', 'ament_prefix_path')
[0.449s] INFO:colcon.colcon_core.shell:Creating environment hook '/home/khushal/campus_tour_ws/install/ci_agents/share/ci_agents/hook/ament_prefix_path.ps1'
[0.449s] INFO:colcon.colcon_core.shell:Creating environment descriptor '/home/khushal/campus_tour_ws/install/ci_agents/share/ci_agents/hook/ament_prefix_path.dsv'
[0.450s] INFO:colcon.colcon_core.shell:Creating environment hook '/home/khushal/campus_tour_ws/install/ci_agents/share/ci_agents/hook/ament_prefix_path.sh'
[0.450s] INFO:colcon.colcon_core.shell:Skip shell extension 'powershell' for command environment: Not usable outside of PowerShell
[0.450s] DEBUG:colcon.colcon_core.shell:Skip shell extension 'dsv' for command environment
[0.453s] INFO:colcon.colcon_ros.task.ament_python.build:Building ROS package in '/home/khushal/campus_tour_ws/src/visitor_agents' with build type 'ament_python'
[0.454s] Level 1:colcon.colcon_core.shell:create_environment_hook('visitor_agents', 'ament_prefix_path')
[0.454s] INFO:colcon.colcon_core.shell:Creating environment hook '/home/khushal/campus_tour_ws/install/visitor_agents/share/visitor_agents/hook/ament_prefix_path.ps1'
[0.454s] INFO:colcon.colcon_core.shell:Creating environment descriptor '/home/khushal/campus_tour_ws/install/visitor_agents/share/visitor_agents/hook/ament_prefix_path.dsv'
[0.455s] INFO:colcon.colcon_core.shell:Creating environment hook '/home/khushal/campus_tour_ws/install/visitor_agents/share/visitor_agents/hook/ament_prefix_path.sh'
[0.455s] INFO:colcon.colcon_core.shell:Skip shell extension 'powershell' for command environment: Not usable outside of PowerShell
[0.455s] DEBUG:colcon.colcon_core.shell:Skip shell extension 'dsv' for command environment
[0.688s] INFO:colcon.colcon_core.task.python.build:Building Python package in '/home/khushal/campus_tour_ws/src/bi_agents'
[0.689s] INFO:colcon.colcon_core.shell:Skip shell extension 'powershell' for command environment: Not usable outside of PowerShell
[0.689s] DEBUG:colcon.colcon_core.shell:Skip shell extension 'dsv' for command environment
[0.913s] INFO:colcon.colcon_core.task.python.build:Building Python package in '/home/khushal/campus_tour_ws/src/ci_agents'
[0.914s] INFO:colcon.colcon_core.shell:Skip shell extension 'powershell' for command environment: Not usable outside of PowerShell
[0.914s] DEBUG:colcon.colcon_core.shell:Skip shell extension 'dsv' for command environment
[1.139s] INFO:colcon.colcon_core.task.python.build:Building Python package in '/home/khushal/campus_tour_ws/src/visitor_agents'
[1.140s] INFO:colcon.colcon_core.shell:Skip shell extension 'powershell' for command environment: Not usable outside of PowerShell
[1.140s] DEBUG:colcon.colcon_core.shell:Skip shell extension 'dsv' for command environment
[1.525s] DEBUG:colcon.colcon_core.event_handler.log_command:Invoking command in '/home/khushal/campus_tour_ws/src/bi_agents': PYTHONPATH=/home/khushal/campus_tour_ws/build/bi_agents/prefix_override:/usr/lib/python3/dist-packages/colcon_core/task/python/colcon_distutils_commands:/home/khushal/campus_tour_ws/install/bi_agents/lib/python3.10/site-packages:${PYTHONPATH} /usr/bin/python3 -W ignore:setup.py install is deprecated setup.py egg_info --egg-base ../../build/bi_agents build --build-base /home/khushal/campus_tour_ws/build/bi_agents/build install --record /home/khushal/campus_tour_ws/build/bi_agents/install.log --single-version-externally-managed install_data
[1.526s] DEBUG:colcon.colcon_core.event_handler.log_command:Invoking command in '/home/khushal/campus_tour_ws/src/ci_agents': PYTHONPATH=/home/khushal/campus_tour_ws/build/ci_agents/prefix_override:/usr/lib/python3/dist-packages/colcon_core/task/python/colcon_distutils_commands:/home/khushal/campus_tour_ws/install/ci_agents/lib/python3.10/site-packages:${PYTHONPATH} /usr/bin/python3 -W ignore:setup.py install is deprecated setup.py egg_info --egg-base ../../build/ci_agents build --build-base /home/khushal/campus_tour_ws/build/ci_agents/build install --record /home/khushal/campus_tour_ws/build/ci_agents/install.log --single-version-externally-managed install_data
[1.530s] DEBUG:colcon.colcon_core.event_handler.log_command:Invoking command in '/home/khushal/campus_tour_ws/src/visitor_agents': PYTHONPATH=/home/khushal/campus_tour_ws/build/visitor_agents/prefix_override:/usr/lib/python3/dist-packages/colcon_core/task/python/colcon_distutils_commands:/home/khushal/campus_tour_ws/install/visitor_agents/lib/python3.10/site-packages:${PYTHONPATH} /usr/bin/python3 -W ignore:setup.py install is deprecated setup.py egg_info --egg-base ../../build/visitor_agents build --build-base /home/khushal/campus_tour_ws/build/visitor_agents/build install --record /home/khushal/campus_tour_ws/build/visitor_agents/install.log --single-version-externally-managed install_data
[1.812s] DEBUG:colcon.colcon_core.event_handler.log_command:Invoked command in '/home/khushal/campus_tour_ws/src/bi_agents' returned '0': PYTHONPATH=/home/khushal/campus_tour_ws/build/bi_agents/prefix_override:/usr/lib/python3/dist-packages/colcon_core/task/python/colcon_distutils_commands:/home/khushal/campus_tour_ws/install/bi_agents/lib/python3.10/site-packages:${PYTHONPATH} /usr/bin/python3 -W ignore:setup.py install is deprecated setup.py egg_info --egg-base ../../build/bi_agents build --build-base /home/khushal/campus_tour_ws/build/bi_agents/build install --record /home/khushal/campus_tour_ws/build/bi_agents/install.log --single-version-externally-managed install_data
[1.816s] Level 1:colcon.colcon_core.environment:checking '/home/khushal/campus_tour_ws/install/bi_agents' for CMake module files
[1.816s] Level 1:colcon.colcon_core.environment:checking '/home/khushal/campus_tour_ws/install/bi_agents' for CMake config files
[1.817s] Level 1:colcon.colcon_core.environment:checking '/home/khushal/campus_tour_ws/install/bi_agents/lib'
[1.817s] Level 1:colcon.colcon_core.environment:checking '/home/khushal/campus_tour_ws/install/bi_agents/bin'
[1.818s] Level 1:colcon.colcon_core.environment:checking '/home/khushal/campus_tour_ws/install/bi_agents/lib/pkgconfig/bi_agents.pc'
[1.818s] Level 1:colcon.colcon_core.environment:checking '/home/khushal/campus_tour_ws/install/bi_agents/lib/python3.10/site-packages'
[1.818s] Level 1:colcon.colcon_core.shell:create_environment_hook('bi_agents', 'pythonpath')
[1.819s] INFO:colcon.colcon_core.shell:Creating environment hook '/home/khushal/campus_tour_ws/install/bi_agents/share/bi_agents/hook/pythonpath.ps1'
[1.819s] INFO:colcon.colcon_core.shell:Creating environment descriptor '/home/khushal/campus_tour_ws/install/bi_agents/share/bi_agents/hook/pythonpath.dsv'
[1.820s] INFO:colcon.colcon_core.shell:Creating environment hook '/home/khushal/campus_tour_ws/install/bi_agents/share/bi_agents/hook/pythonpath.sh'
[1.820s] Level 1:colcon.colcon_core.environment:checking '/home/khushal/campus_tour_ws/install/bi_agents/bin'
[1.821s] Level 1:colcon.colcon_core.environment:create_environment_scripts_only(bi_agents)
[1.821s] INFO:colcon.colcon_core.shell:Creating package script '/home/khushal/campus_tour_ws/install/bi_agents/share/bi_agents/package.ps1'
[1.822s] INFO:colcon.colcon_core.shell:Creating package descriptor '/home/khushal/campus_tour_ws/install/bi_agents/share/bi_agents/package.dsv'
[1.822s] INFO:colcon.colcon_core.shell:Creating package script '/home/khushal/campus_tour_ws/install/bi_agents/share/bi_agents/package.sh'
[1.823s] INFO:colcon.colcon_core.shell:Creating package script '/home/khushal/campus_tour_ws/install/bi_agents/share/bi_agents/package.bash'
[1.823s] INFO:colcon.colcon_core.shell:Creating package script '/home/khushal/campus_tour_ws/install/bi_agents/share/bi_agents/package.zsh'
[1.824s] Level 1:colcon.colcon_core.environment:create_file_with_runtime_dependencies(/home/khushal/campus_tour_ws/install/bi_agents/share/colcon-core/packages/bi_agents)
[1.851s] Level 1:colcon.colcon_core.environment:checking '/home/khushal/campus_tour_ws/install/ci_agents' for CMake module files
[1.852s] DEBUG:colcon.colcon_core.event_handler.log_command:Invoked command in '/home/khushal/campus_tour_ws/src/ci_agents' returned '0': PYTHONPATH=/home/khushal/campus_tour_ws/build/ci_agents/prefix_override:/usr/lib/python3/dist-packages/colcon_core/task/python/colcon_distutils_commands:/home/khushal/campus_tour_ws/install/ci_agents/lib/python3.10/site-packages:${PYTHONPATH} /usr/bin/python3 -W ignore:setup.py install is deprecated setup.py egg_info --egg-base ../../build/ci_agents build --build-base /home/khushal/campus_tour_ws/build/ci_agents/build install --record /home/khushal/campus_tour_ws/build/ci_agents/install.log --single-version-externally-managed install_data
[1.852s] Level 1:colcon.colcon_core.environment:checking '/home/khushal/campus_tour_ws/install/ci_agents' for CMake config files
[1.853s] Level 1:colcon.colcon_core.environment:checking '/home/khushal/campus_tour_ws/install/ci_agents/lib'
[1.853s] Level 1:colcon.colcon_core.environment:checking '/home/khushal/campus_tour_ws/install/ci_agents/bin'
[1.853s] Level 1:colcon.colcon_core.environment:checking '/home/khushal/campus_tour_ws/install/ci_agents/lib/pkgconfig/ci_agents.pc'
[1.853s] Level 1:colcon.colcon_core.environment:checking '/home/khushal/campus_tour_ws/install/ci_agents/lib/python3.10/site-packages'
[1.853s] Level 1:colcon.colcon_core.shell:create_environment_hook('ci_agents', 'pythonpath')
[1.854s] INFO:colcon.colcon_core.shell:Creating environment hook '/home/khushal/campus_tour_ws/install/ci_agents/share/ci_agents/hook/pythonpath.ps1'
[1.854s] INFO:colcon.colcon_core.shell:Creating environment descriptor '/home/khushal/campus_tour_ws/install/ci_agents/share/ci_agents/hook/pythonpath.dsv'
[1.854s] INFO:colcon.colcon_core.shell:Creating environment hook '/home/khushal/campus_tour_ws/install/ci_agents/share/ci_agents/hook/pythonpath.sh'
[1.855s] Level 1:colcon.colcon_core.environment:checking '/home/khushal/campus_tour_ws/install/ci_agents/bin'
[1.855s] Level 1:colcon.colcon_core.environment:create_environment_scripts_only(ci_agents)
[1.855s] INFO:colcon.colcon_core.shell:Creating package script '/home/khushal/campus_tour_ws/install/ci_agents/share/ci_agents/package.ps1'
[1.856s] INFO:colcon.colcon_core.shell:Creating package descriptor '/home/khushal/campus_tour_ws/install/ci_agents/share/ci_agents/package.dsv'
[1.856s] INFO:colcon.colcon_core.shell:Creating package script '/home/khushal/campus_tour_ws/install/ci_agents/share/ci_agents/package.sh'
[1.856s] INFO:colcon.colcon_core.shell:Creating package script '/home/khushal/campus_tour_ws/install/ci_agents/share/ci_agents/package.bash'
[1.857s] INFO:colcon.colcon_core.shell:Creating package script '/home/khushal/campus_tour_ws/install/ci_agents/share/ci_agents/package.zsh'
[1.857s] Level 1:colcon.colcon_core.environment:create_file_with_runtime_dependencies(/home/khushal/campus_tour_ws/install/ci_agents/share/colcon-core/packages/ci_agents)
[1.859s] Level 1:colcon.colcon_core.environment:checking '/home/khushal/campus_tour_ws/install/visitor_agents' for CMake module files
[1.860s] DEBUG:colcon.colcon_core.event_handler.log_command:Invoked command in '/home/khushal/campus_tour_ws/src/visitor_agents' returned '0': PYTHONPATH=/home/khushal/campus_tour_ws/build/visitor_agents/prefix_override:/usr/lib/python3/dist-packages/colcon_core/task/python/colcon_distutils_commands:/home/khushal/campus_tour_ws/install/visitor_agents/lib/python3.10/site-packages:${PYTHONPATH} /usr/bin/python3 -W ignore:setup.py install is deprecated setup.py egg_info --egg-base ../../build/visitor_agents build --build-base /home/khushal/campus_tour_ws/build/visitor_agents/build install --record /home/khushal/campus_tour_ws/build/visitor_agents/install.log --single-version-externally-managed install_data
[1.860s] Level 1:colcon.colcon_core.environment:checking '/home/khushal/campus_tour_ws/install/visitor_agents' for CMake config files
[1.861s] Level 1:colcon.colcon_core.environment:checking '/home/khushal/campus_tour_ws/install/visitor_agents/lib'
[1.861s] Level 1:colcon.colcon_core.environment:checking '/home/khushal/campus_tour_ws/install/visitor_agents/bin'
[1.861s] Level 1:colcon.colcon_core.environment:checking '/home/khushal/campus_tour_ws/install/visitor_agents/lib/pkgconfig/visitor_agents.pc'
[1.861s] Level 1:colcon.colcon_core.environment:checking '/home/khushal/campus_tour_ws/install/visitor_agents/lib/python3.10/site-packages'
[1.861s] Level 1:colcon.colcon_core.shell:create_environment_hook('visitor_agents', 'pythonpath')
[1.862s] INFO:colcon.colcon_core.shell:Creating environment hook '/home/khushal/campus_tour_ws/install/visitor_agents/share/visitor_agents/hook/pythonpath.ps1'
[1.862s] INFO:colcon.colcon_core.shell:Creating environment descriptor '/home/khushal/campus_tour_ws/install/visitor_agents/share/visitor_agents/hook/pythonpath.dsv'
[1.862s] INFO:colcon.colcon_core.shell:Creating environment hook '/home/khushal/campus_tour_ws/install/visitor_agents/share/visitor_agents/hook/pythonpath.sh'
[1.863s] Level 1:colcon.colcon_core.environment:checking '/home/khushal/campus_tour_ws/install/visitor_agents/bin'
[1.863s] Level 1:colcon.colcon_core.environment:create_environment_scripts_only(visitor_agents)
[1.863s] INFO:colcon.colcon_core.shell:Creating package script '/home/khushal/campus_tour_ws/install/visitor_agents/share/visitor_agents/package.ps1'
[1.864s] INFO:colcon.colcon_core.shell:Creating package descriptor '/home/khushal/campus_tour_ws/install/visitor_agents/share/visitor_agents/package.dsv'
[1.864s] INFO:colcon.colcon_core.shell:Creating package script '/home/khushal/campus_tour_ws/install/visitor_agents/share/visitor_agents/package.sh'
[1.864s] INFO:colcon.colcon_core.shell:Creating package script '/home/khushal/campus_tour_ws/install/visitor_agents/share/visitor_agents/package.bash'
[1.865s] INFO:colcon.colcon_core.shell:Creating package script '/home/khushal/campus_tour_ws/install/visitor_agents/share/visitor_agents/package.zsh'
[1.865s] Level 1:colcon.colcon_core.environment:create_file_with_runtime_dependencies(/home/khushal/campus_tour_ws/install/visitor_agents/share/colcon-core/packages/visitor_agents)
[1.865s] DEBUG:colcon.colcon_parallel_executor.executor.parallel:closing loop
[1.866s] DEBUG:colcon.colcon_parallel_executor.executor.parallel:loop closed
[1.866s] DEBUG:colcon.colcon_parallel_executor.executor.parallel:run_until_complete finished with '0'
[1.866s] DEBUG:colcon.colcon_core.event_reactor:joining thread
[1.912s] INFO:colcon.colcon_core.plugin_system:Skipping extension 'colcon_notification.desktop_notification.notify_send': Could not find 'notify-send'
[1.912s] INFO:colcon.colcon_core.plugin_system:Skipping extension 'colcon_notification.desktop_notification.terminal_notifier': Not used on non-Darwin systems
[1.912s] INFO:colcon.colcon_core.plugin_system:Skipping extension 'colcon_notification.desktop_notification.win32': Not used on non-Windows systems
[1.912s] INFO:colcon.colcon_notification.desktop_notification:Sending desktop notification using 'notify2'
[1.914s] DEBUG:colcon.colcon_notification.desktop_notification.notify2:Failed to initialize notify2: org.freedesktop.DBus.Error.ServiceUnknown: The name org.freedesktop.Notifications was not provided by any .service files
[1.914s] DEBUG:colcon.colcon_core.event_reactor:joined thread
[1.914s] INFO:colcon.colcon_core.shell:Creating prefix script '/home/khushal/campus_tour_ws/install/local_setup.ps1'
[1.915s] INFO:colcon.colcon_core.shell:Creating prefix util module '/home/khushal/campus_tour_ws/install/_local_setup_util_ps1.py'
[1.916s] INFO:colcon.colcon_core.shell:Creating prefix chain script '/home/khushal/campus_tour_ws/install/setup.ps1'
[1.917s] INFO:colcon.colcon_core.shell:Creating prefix script '/home/khushal/campus_tour_ws/install/local_setup.sh'
[1.917s] INFO:colcon.colcon_core.shell:Creating prefix util module '/home/khushal/campus_tour_ws/install/_local_setup_util_sh.py'
[1.917s] INFO:colcon.colcon_core.shell:Creating prefix chain script '/home/khushal/campus_tour_ws/install/setup.sh'
[1.918s] INFO:colcon.colcon_core.shell:Creating prefix script '/home/khushal/campus_tour_ws/install/local_setup.bash'
[1.918s] INFO:colcon.colcon_core.shell:Creating prefix chain script '/home/khushal/campus_tour_ws/install/setup.bash'
[1.920s] INFO:colcon.colcon_core.shell:Creating prefix script '/home/khushal/campus_tour_ws/install/local_setup.zsh'
[1.920s] INFO:colcon.colcon_core.shell:Creating prefix chain script '/home/khushal/campus_tour_ws/install/setup.zsh'
