[0.757s] [34mcolcon[0m [1;30mDEBUG[0m [32mCommand line arguments: ['/usr/bin/colcon', 'build'][0m
[0.758s] [34mcolcon[0m [1;30mDEBUG[0m [32mParsed command line arguments: Namespace(log_base=None, log_level=None, verb_name='build', build_base='build', install_base='install', merge_install=False, symlink_install=False, test_result_base=None, continue_on_error=False, executor='parallel', parallel_workers=12, event_handlers=None, ignore_user_meta=False, metas=['./colcon.meta'], base_paths=['.'], packages_ignore=None, packages_ignore_regex=None, paths=None, packages_up_to=None, packages_up_to_regex=None, packages_above=None, packages_above_and_dependencies=None, packages_above_depth=None, packages_select_by_dep=None, packages_skip_by_dep=None, packages_skip_up_to=None, packages_select_build_failed=False, packages_skip_build_finished=False, packages_select_test_failures=False, packages_skip_test_passed=False, packages_select=None, packages_skip=None, packages_select_regex=None, packages_skip_regex=None, packages_start=None, packages_end=None, allow_overriding=[], cmake_args=None, cmake_target=None, cmake_target_skip_unavailable=False, cmake_clean_cache=False, cmake_clean_first=False, cmake_force_configure=False, ament_cmake_args=None, catkin_cmake_args=None, catkin_skip_building_tests=False, verb_parser=<colcon_defaults.argument_parser.defaults.DefaultArgumentsDecorator object at 0x7f4756174160>, verb_extension=<colcon_core.verb.build.BuildVerb object at 0x7f4756143bb0>, main=<bound method BuildVerb.main of <colcon_core.verb.build.BuildVerb object at 0x7f4756143bb0>>)[0m
[1.686s] [34mcolcon.colcon_core.package_discovery[0m [1;30mLevel 1[0m discover_packages(colcon_meta) check parameters
[1.687s] [34mcolcon.colcon_core.package_discovery[0m [1;30mLevel 1[0m discover_packages(recursive) check parameters
[1.687s] [34mcolcon.colcon_core.package_discovery[0m [1;30mLevel 1[0m discover_packages(ignore) check parameters
[1.687s] [34mcolcon.colcon_core.package_discovery[0m [1;30mLevel 1[0m discover_packages(path) check parameters
[1.687s] [34mcolcon.colcon_core.package_discovery[0m [1;30mLevel 1[0m discover_packages(colcon_meta) discover
[1.687s] [34mcolcon.colcon_core.package_discovery[0m [1;30mLevel 1[0m discover_packages(recursive) discover
[1.687s] [34mcolcon.colcon_core.package_discovery[0m [1;30mINFO[0m Crawling recursively for packages in '/home/khushal/campus_tour_ws'
[1.687s] [34mcolcon.colcon_core.package_identification[0m [1;30mLevel 1[0m _identify(.) by extensions ['ignore', 'ignore_ament_install']
[1.687s] [34mcolcon.colcon_core.package_identification[0m [1;30mLevel 1[0m _identify(.) by extension 'ignore'
[1.687s] [34mcolcon.colcon_core.package_identification[0m [1;30mLevel 1[0m _identify(.) by extension 'ignore_ament_install'
[1.687s] [34mcolcon.colcon_core.package_identification[0m [1;30mLevel 1[0m _identify(.) by extensions ['colcon_pkg']
[1.687s] [34mcolcon.colcon_core.package_identification[0m [1;30mLevel 1[0m _identify(.) by extension 'colcon_pkg'
[1.687s] [34mcolcon.colcon_core.package_identification[0m [1;30mLevel 1[0m _identify(.) by extensions ['colcon_meta']
[1.687s] [34mcolcon.colcon_core.package_identification[0m [1;30mLevel 1[0m _identify(.) by extension 'colcon_meta'
[1.687s] [34mcolcon.colcon_core.package_identification[0m [1;30mLevel 1[0m _identify(.) by extensions ['ros']
[1.687s] [34mcolcon.colcon_core.package_identification[0m [1;30mLevel 1[0m _identify(.) by extension 'ros'
[1.725s] [34mcolcon.colcon_core.package_identification[0m [1;30mLevel 1[0m _identify(.) by extensions ['cmake', 'python']
[1.725s] [34mcolcon.colcon_core.package_identification[0m [1;30mLevel 1[0m _identify(.) by extension 'cmake'
[1.725s] [34mcolcon.colcon_core.package_identification[0m [1;30mLevel 1[0m _identify(.) by extension 'python'
[1.725s] [34mcolcon.colcon_core.package_identification[0m [1;30mLevel 1[0m _identify(.) by extensions ['python_setup_py']
[1.725s] [34mcolcon.colcon_core.package_identification[0m [1;30mLevel 1[0m _identify(.) by extension 'python_setup_py'
[1.725s] [34mcolcon.colcon_core.package_identification[0m [1;30mLevel 1[0m _identify(build) by extensions ['ignore', 'ignore_ament_install']
[1.725s] [34mcolcon.colcon_core.package_identification[0m [1;30mLevel 1[0m _identify(build) by extension 'ignore'
[1.725s] [34mcolcon.colcon_core.package_identification[0m [1;30mLevel 1[0m _identify(build) ignored
[1.725s] [34mcolcon.colcon_core.package_identification[0m [1;30mLevel 1[0m _identify(install) by extensions ['ignore', 'ignore_ament_install']
[1.725s] [34mcolcon.colcon_core.package_identification[0m [1;30mLevel 1[0m _identify(install) by extension 'ignore'
[1.725s] [34mcolcon.colcon_core.package_identification[0m [1;30mLevel 1[0m _identify(install) ignored
[1.725s] [34mcolcon.colcon_core.package_identification[0m [1;30mLevel 1[0m _identify(log) by extensions ['ignore', 'ignore_ament_install']
[1.725s] [34mcolcon.colcon_core.package_identification[0m [1;30mLevel 1[0m _identify(log) by extension 'ignore'
[1.725s] [34mcolcon.colcon_core.package_identification[0m [1;30mLevel 1[0m _identify(log) ignored
[1.726s] [34mcolcon.colcon_core.package_identification[0m [1;30mLevel 1[0m _identify(src) by extensions ['ignore', 'ignore_ament_install']
[1.726s] [34mcolcon.colcon_core.package_identification[0m [1;30mLevel 1[0m _identify(src) by extension 'ignore'
[1.726s] [34mcolcon.colcon_core.package_identification[0m [1;30mLevel 1[0m _identify(src) by extension 'ignore_ament_install'
[1.726s] [34mcolcon.colcon_core.package_identification[0m [1;30mLevel 1[0m _identify(src) by extensions ['colcon_pkg']
[1.726s] [34mcolcon.colcon_core.package_identification[0m [1;30mLevel 1[0m _identify(src) by extension 'colcon_pkg'
[1.726s] [34mcolcon.colcon_core.package_identification[0m [1;30mLevel 1[0m _identify(src) by extensions ['colcon_meta']
[1.726s] [34mcolcon.colcon_core.package_identification[0m [1;30mLevel 1[0m _identify(src) by extension 'colcon_meta'
[1.726s] [34mcolcon.colcon_core.package_identification[0m [1;30mLevel 1[0m _identify(src) by extensions ['ros']
[1.726s] [34mcolcon.colcon_core.package_identification[0m [1;30mLevel 1[0m _identify(src) by extension 'ros'
[1.726s] [34mcolcon.colcon_core.package_identification[0m [1;30mLevel 1[0m _identify(src) by extensions ['cmake', 'python']
[1.726s] [34mcolcon.colcon_core.package_identification[0m [1;30mLevel 1[0m _identify(src) by extension 'cmake'
[1.726s] [34mcolcon.colcon_core.package_identification[0m [1;30mLevel 1[0m _identify(src) by extension 'python'
[1.726s] [34mcolcon.colcon_core.package_identification[0m [1;30mLevel 1[0m _identify(src) by extensions ['python_setup_py']
[1.726s] [34mcolcon.colcon_core.package_identification[0m [1;30mLevel 1[0m _identify(src) by extension 'python_setup_py'
[1.726s] [34mcolcon.colcon_core.package_identification[0m [1;30mLevel 1[0m _identify(src/bi_agents) by extensions ['ignore', 'ignore_ament_install']
[1.727s] [34mcolcon.colcon_core.package_identification[0m [1;30mLevel 1[0m _identify(src/bi_agents) by extension 'ignore'
[1.727s] [34mcolcon.colcon_core.package_identification[0m [1;30mLevel 1[0m _identify(src/bi_agents) by extension 'ignore_ament_install'
[1.727s] [34mcolcon.colcon_core.package_identification[0m [1;30mLevel 1[0m _identify(src/bi_agents) by extensions ['colcon_pkg']
[1.727s] [34mcolcon.colcon_core.package_identification[0m [1;30mLevel 1[0m _identify(src/bi_agents) by extension 'colcon_pkg'
[1.727s] [34mcolcon.colcon_core.package_identification[0m [1;30mLevel 1[0m _identify(src/bi_agents) by extensions ['colcon_meta']
[1.727s] [34mcolcon.colcon_core.package_identification[0m [1;30mLevel 1[0m _identify(src/bi_agents) by extension 'colcon_meta'
[1.727s] [34mcolcon.colcon_core.package_identification[0m [1;30mLevel 1[0m _identify(src/bi_agents) by extensions ['ros']
[1.727s] [34mcolcon.colcon_core.package_identification[0m [1;30mLevel 1[0m _identify(src/bi_agents) by extension 'ros'
[1.736s] [34mcolcon.colcon_core.package_identification[0m [1;30mDEBUG[0m [32mPackage 'src/bi_agents' with type 'ros.ament_python' and name 'bi_agents'[0m
[1.737s] [34mcolcon.colcon_core.package_identification[0m [1;30mLevel 1[0m _identify(src/ci_agents) by extensions ['ignore', 'ignore_ament_install']
[1.737s] [34mcolcon.colcon_core.package_identification[0m [1;30mLevel 1[0m _identify(src/ci_agents) by extension 'ignore'
[1.737s] [34mcolcon.colcon_core.package_identification[0m [1;30mLevel 1[0m _identify(src/ci_agents) by extension 'ignore_ament_install'
[1.737s] [34mcolcon.colcon_core.package_identification[0m [1;30mLevel 1[0m _identify(src/ci_agents) by extensions ['colcon_pkg']
[1.737s] [34mcolcon.colcon_core.package_identification[0m [1;30mLevel 1[0m _identify(src/ci_agents) by extension 'colcon_pkg'
[1.737s] [34mcolcon.colcon_core.package_identification[0m [1;30mLevel 1[0m _identify(src/ci_agents) by extensions ['colcon_meta']
[1.737s] [34mcolcon.colcon_core.package_identification[0m [1;30mLevel 1[0m _identify(src/ci_agents) by extension 'colcon_meta'
[1.737s] [34mcolcon.colcon_core.package_identification[0m [1;30mLevel 1[0m _identify(src/ci_agents) by extensions ['ros']
[1.737s] [34mcolcon.colcon_core.package_identification[0m [1;30mLevel 1[0m _identify(src/ci_agents) by extension 'ros'
[1.738s] [34mcolcon.colcon_core.package_identification[0m [1;30mDEBUG[0m [32mPackage 'src/ci_agents' with type 'ros.ament_python' and name 'ci_agents'[0m
[1.738s] [34mcolcon.colcon_core.package_identification[0m [1;30mLevel 1[0m _identify(src/visitor_agents) by extensions ['ignore', 'ignore_ament_install']
[1.738s] [34mcolcon.colcon_core.package_identification[0m [1;30mLevel 1[0m _identify(src/visitor_agents) by extension 'ignore'
[1.738s] [34mcolcon.colcon_core.package_identification[0m [1;30mLevel 1[0m _identify(src/visitor_agents) by extension 'ignore_ament_install'
[1.739s] [34mcolcon.colcon_core.package_identification[0m [1;30mLevel 1[0m _identify(src/visitor_agents) by extensions ['colcon_pkg']
[1.739s] [34mcolcon.colcon_core.package_identification[0m [1;30mLevel 1[0m _identify(src/visitor_agents) by extension 'colcon_pkg'
[1.739s] [34mcolcon.colcon_core.package_identification[0m [1;30mLevel 1[0m _identify(src/visitor_agents) by extensions ['colcon_meta']
[1.739s] [34mcolcon.colcon_core.package_identification[0m [1;30mLevel 1[0m _identify(src/visitor_agents) by extension 'colcon_meta'
[1.739s] [34mcolcon.colcon_core.package_identification[0m [1;30mLevel 1[0m _identify(src/visitor_agents) by extensions ['ros']
[1.739s] [34mcolcon.colcon_core.package_identification[0m [1;30mLevel 1[0m _identify(src/visitor_agents) by extension 'ros'
[1.740s] [34mcolcon.colcon_core.package_identification[0m [1;30mDEBUG[0m [32mPackage 'src/visitor_agents' with type 'ros.ament_python' and name 'visitor_agents'[0m
[1.740s] [34mcolcon.colcon_core.package_discovery[0m [1;30mLevel 1[0m discover_packages(recursive) using defaults
[1.740s] [34mcolcon.colcon_core.package_discovery[0m [1;30mLevel 1[0m discover_packages(ignore) discover
[1.740s] [34mcolcon.colcon_core.package_discovery[0m [1;30mLevel 1[0m discover_packages(ignore) using defaults
[1.740s] [34mcolcon.colcon_core.package_discovery[0m [1;30mLevel 1[0m discover_packages(path) discover
[1.740s] [34mcolcon.colcon_core.package_discovery[0m [1;30mLevel 1[0m discover_packages(path) using defaults
[1.812s] [34mcolcon.colcon_core.package_discovery[0m [1;30mLevel 1[0m discover_packages(prefix_path) check parameters
[1.813s] [34mcolcon.colcon_core.package_discovery[0m [1;30mLevel 1[0m discover_packages(prefix_path) discover
[1.818s] [34mcolcon.colcon_installed_package_information.package_discovery[0m [1;30mDEBUG[0m [32mFound 3 installed packages in /home/khushal/campus_tour_ws/install[0m
[1.820s] [34mcolcon.colcon_installed_package_information.package_discovery[0m [1;30mDEBUG[0m [32mFound 270 installed packages in /opt/ros/humble[0m
[1.825s] [34mcolcon.colcon_core.package_discovery[0m [1;30mLevel 1[0m discover_packages(prefix_path) using defaults
[1.949s] [34mcolcon.colcon_core.verb[0m [1;30mLevel 5[0m set package 'bi_agents' build argument 'cmake_args' from command line to 'None'
[1.949s] [34mcolcon.colcon_core.verb[0m [1;30mLevel 5[0m set package 'bi_agents' build argument 'cmake_target' from command line to 'None'
[1.949s] [34mcolcon.colcon_core.verb[0m [1;30mLevel 5[0m set package 'bi_agents' build argument 'cmake_target_skip_unavailable' from command line to 'False'
[1.949s] [34mcolcon.colcon_core.verb[0m [1;30mLevel 5[0m set package 'bi_agents' build argument 'cmake_clean_cache' from command line to 'False'
[1.949s] [34mcolcon.colcon_core.verb[0m [1;30mLevel 5[0m set package 'bi_agents' build argument 'cmake_clean_first' from command line to 'False'
[1.949s] [34mcolcon.colcon_core.verb[0m [1;30mLevel 5[0m set package 'bi_agents' build argument 'cmake_force_configure' from command line to 'False'
[1.949s] [34mcolcon.colcon_core.verb[0m [1;30mLevel 5[0m set package 'bi_agents' build argument 'ament_cmake_args' from command line to 'None'
[1.949s] [34mcolcon.colcon_core.verb[0m [1;30mLevel 5[0m set package 'bi_agents' build argument 'catkin_cmake_args' from command line to 'None'
[1.949s] [34mcolcon.colcon_core.verb[0m [1;30mLevel 5[0m set package 'bi_agents' build argument 'catkin_skip_building_tests' from command line to 'False'
[1.949s] [34mcolcon.colcon_core.verb[0m [1;30mDEBUG[0m [32mBuilding package 'bi_agents' with the following arguments: {'ament_cmake_args': None, 'build_base': '/home/khushal/campus_tour_ws/build/bi_agents', 'catkin_cmake_args': None, 'catkin_skip_building_tests': False, 'cmake_args': None, 'cmake_clean_cache': False, 'cmake_clean_first': False, 'cmake_force_configure': False, 'cmake_target': None, 'cmake_target_skip_unavailable': False, 'install_base': '/home/khushal/campus_tour_ws/install/bi_agents', 'merge_install': False, 'path': '/home/khushal/campus_tour_ws/src/bi_agents', 'symlink_install': False, 'test_result_base': None}[0m
[1.950s] [34mcolcon.colcon_core.verb[0m [1;30mLevel 5[0m set package 'ci_agents' build argument 'cmake_args' from command line to 'None'
[1.950s] [34mcolcon.colcon_core.verb[0m [1;30mLevel 5[0m set package 'ci_agents' build argument 'cmake_target' from command line to 'None'
[1.950s] [34mcolcon.colcon_core.verb[0m [1;30mLevel 5[0m set package 'ci_agents' build argument 'cmake_target_skip_unavailable' from command line to 'False'
[1.950s] [34mcolcon.colcon_core.verb[0m [1;30mLevel 5[0m set package 'ci_agents' build argument 'cmake_clean_cache' from command line to 'False'
[1.950s] [34mcolcon.colcon_core.verb[0m [1;30mLevel 5[0m set package 'ci_agents' build argument 'cmake_clean_first' from command line to 'False'
[1.950s] [34mcolcon.colcon_core.verb[0m [1;30mLevel 5[0m set package 'ci_agents' build argument 'cmake_force_configure' from command line to 'False'
[1.950s] [34mcolcon.colcon_core.verb[0m [1;30mLevel 5[0m set package 'ci_agents' build argument 'ament_cmake_args' from command line to 'None'
[1.950s] [34mcolcon.colcon_core.verb[0m [1;30mLevel 5[0m set package 'ci_agents' build argument 'catkin_cmake_args' from command line to 'None'
[1.950s] [34mcolcon.colcon_core.verb[0m [1;30mLevel 5[0m set package 'ci_agents' build argument 'catkin_skip_building_tests' from command line to 'False'
[1.950s] [34mcolcon.colcon_core.verb[0m [1;30mDEBUG[0m [32mBuilding package 'ci_agents' with the following arguments: {'ament_cmake_args': None, 'build_base': '/home/khushal/campus_tour_ws/build/ci_agents', 'catkin_cmake_args': None, 'catkin_skip_building_tests': False, 'cmake_args': None, 'cmake_clean_cache': False, 'cmake_clean_first': False, 'cmake_force_configure': False, 'cmake_target': None, 'cmake_target_skip_unavailable': False, 'install_base': '/home/khushal/campus_tour_ws/install/ci_agents', 'merge_install': False, 'path': '/home/khushal/campus_tour_ws/src/ci_agents', 'symlink_install': False, 'test_result_base': None}[0m
[1.950s] [34mcolcon.colcon_core.verb[0m [1;30mLevel 5[0m set package 'visitor_agents' build argument 'cmake_args' from command line to 'None'
[1.950s] [34mcolcon.colcon_core.verb[0m [1;30mLevel 5[0m set package 'visitor_agents' build argument 'cmake_target' from command line to 'None'
[1.950s] [34mcolcon.colcon_core.verb[0m [1;30mLevel 5[0m set package 'visitor_agents' build argument 'cmake_target_skip_unavailable' from command line to 'False'
[1.950s] [34mcolcon.colcon_core.verb[0m [1;30mLevel 5[0m set package 'visitor_agents' build argument 'cmake_clean_cache' from command line to 'False'
[1.950s] [34mcolcon.colcon_core.verb[0m [1;30mLevel 5[0m set package 'visitor_agents' build argument 'cmake_clean_first' from command line to 'False'
[1.950s] [34mcolcon.colcon_core.verb[0m [1;30mLevel 5[0m set package 'visitor_agents' build argument 'cmake_force_configure' from command line to 'False'
[1.950s] [34mcolcon.colcon_core.verb[0m [1;30mLevel 5[0m set package 'visitor_agents' build argument 'ament_cmake_args' from command line to 'None'
[1.950s] [34mcolcon.colcon_core.verb[0m [1;30mLevel 5[0m set package 'visitor_agents' build argument 'catkin_cmake_args' from command line to 'None'
[1.950s] [34mcolcon.colcon_core.verb[0m [1;30mLevel 5[0m set package 'visitor_agents' build argument 'catkin_skip_building_tests' from command line to 'False'
[1.950s] [34mcolcon.colcon_core.verb[0m [1;30mDEBUG[0m [32mBuilding package 'visitor_agents' with the following arguments: {'ament_cmake_args': None, 'build_base': '/home/khushal/campus_tour_ws/build/visitor_agents', 'catkin_cmake_args': None, 'catkin_skip_building_tests': False, 'cmake_args': None, 'cmake_clean_cache': False, 'cmake_clean_first': False, 'cmake_force_configure': False, 'cmake_target': None, 'cmake_target_skip_unavailable': False, 'install_base': '/home/khushal/campus_tour_ws/install/visitor_agents', 'merge_install': False, 'path': '/home/khushal/campus_tour_ws/src/visitor_agents', 'symlink_install': False, 'test_result_base': None}[0m
[1.950s] [34mcolcon.colcon_core.executor[0m [1;30mINFO[0m Executing jobs using 'parallel' executor
[1.952s] [34mcolcon.colcon_parallel_executor.executor.parallel[0m [1;30mDEBUG[0m [32mrun_until_complete[0m
[1.953s] [34mcolcon.colcon_ros.task.ament_python.build[0m [1;30mINFO[0m Building ROS package in '/home/khushal/campus_tour_ws/src/bi_agents' with build type 'ament_python'
[1.953s] [34mcolcon.colcon_core.shell[0m [1;30mLevel 1[0m create_environment_hook('bi_agents', 'ament_prefix_path')
[1.961s] [34mcolcon.colcon_core.plugin_system[0m [1;30mINFO[0m Skipping extension 'colcon_core.shell.bat': Not used on non-Windows systems
[1.961s] [34mcolcon.colcon_core.shell[0m [1;30mINFO[0m Creating environment hook '/home/khushal/campus_tour_ws/install/bi_agents/share/bi_agents/hook/ament_prefix_path.ps1'
[1.966s] [34mcolcon.colcon_core.shell[0m [1;30mINFO[0m Creating environment descriptor '/home/khushal/campus_tour_ws/install/bi_agents/share/bi_agents/hook/ament_prefix_path.dsv'
[1.969s] [34mcolcon.colcon_core.shell[0m [1;30mINFO[0m Creating environment hook '/home/khushal/campus_tour_ws/install/bi_agents/share/bi_agents/hook/ament_prefix_path.sh'
[1.971s] [34mcolcon.colcon_core.shell[0m [1;30mINFO[0m Skip shell extension 'powershell' for command environment: Not usable outside of PowerShell
[1.971s] [34mcolcon.colcon_core.shell[0m [1;30mDEBUG[0m [32mSkip shell extension 'dsv' for command environment[0m
[1.975s] [34mcolcon.colcon_ros.task.ament_python.build[0m [1;30mINFO[0m Building ROS package in '/home/khushal/campus_tour_ws/src/ci_agents' with build type 'ament_python'
[1.975s] [34mcolcon.colcon_core.shell[0m [1;30mLevel 1[0m create_environment_hook('ci_agents', 'ament_prefix_path')
[1.976s] [34mcolcon.colcon_core.shell[0m [1;30mINFO[0m Creating environment hook '/home/khushal/campus_tour_ws/install/ci_agents/share/ci_agents/hook/ament_prefix_path.ps1'
[1.977s] [34mcolcon.colcon_core.shell[0m [1;30mINFO[0m Creating environment descriptor '/home/khushal/campus_tour_ws/install/ci_agents/share/ci_agents/hook/ament_prefix_path.dsv'
[1.977s] [34mcolcon.colcon_core.shell[0m [1;30mINFO[0m Creating environment hook '/home/khushal/campus_tour_ws/install/ci_agents/share/ci_agents/hook/ament_prefix_path.sh'
[1.978s] [34mcolcon.colcon_core.shell[0m [1;30mINFO[0m Skip shell extension 'powershell' for command environment: Not usable outside of PowerShell
[1.978s] [34mcolcon.colcon_core.shell[0m [1;30mDEBUG[0m [32mSkip shell extension 'dsv' for command environment[0m
[1.981s] [34mcolcon.colcon_ros.task.ament_python.build[0m [1;30mINFO[0m Building ROS package in '/home/khushal/campus_tour_ws/src/visitor_agents' with build type 'ament_python'
[1.982s] [34mcolcon.colcon_core.shell[0m [1;30mLevel 1[0m create_environment_hook('visitor_agents', 'ament_prefix_path')
[1.982s] [34mcolcon.colcon_core.shell[0m [1;30mINFO[0m Creating environment hook '/home/khushal/campus_tour_ws/install/visitor_agents/share/visitor_agents/hook/ament_prefix_path.ps1'
[1.982s] [34mcolcon.colcon_core.shell[0m [1;30mINFO[0m Creating environment descriptor '/home/khushal/campus_tour_ws/install/visitor_agents/share/visitor_agents/hook/ament_prefix_path.dsv'
[1.983s] [34mcolcon.colcon_core.shell[0m [1;30mINFO[0m Creating environment hook '/home/khushal/campus_tour_ws/install/visitor_agents/share/visitor_agents/hook/ament_prefix_path.sh'
[1.983s] [34mcolcon.colcon_core.shell[0m [1;30mINFO[0m Skip shell extension 'powershell' for command environment: Not usable outside of PowerShell
[1.983s] [34mcolcon.colcon_core.shell[0m [1;30mDEBUG[0m [32mSkip shell extension 'dsv' for command environment[0m
[2.502s] [34mcolcon.colcon_core.task.python.build[0m [1;30mINFO[0m Building Python package in '/home/khushal/campus_tour_ws/src/bi_agents'
[2.503s] [34mcolcon.colcon_core.shell[0m [1;30mINFO[0m Skip shell extension 'powershell' for command environment: Not usable outside of PowerShell
[2.503s] [34mcolcon.colcon_core.shell[0m [1;30mDEBUG[0m [32mSkip shell extension 'dsv' for command environment[0m
[2.889s] [34mcolcon.colcon_core.task.python.build[0m [1;30mINFO[0m Building Python package in '/home/khushal/campus_tour_ws/src/ci_agents'
[2.889s] [34mcolcon.colcon_core.shell[0m [1;30mINFO[0m Skip shell extension 'powershell' for command environment: Not usable outside of PowerShell
[2.889s] [34mcolcon.colcon_core.shell[0m [1;30mDEBUG[0m [32mSkip shell extension 'dsv' for command environment[0m
[3.298s] [34mcolcon.colcon_core.task.python.build[0m [1;30mINFO[0m Building Python package in '/home/khushal/campus_tour_ws/src/visitor_agents'
[3.298s] [34mcolcon.colcon_core.shell[0m [1;30mINFO[0m Skip shell extension 'powershell' for command environment: Not usable outside of PowerShell
[3.298s] [34mcolcon.colcon_core.shell[0m [1;30mDEBUG[0m [32mSkip shell extension 'dsv' for command environment[0m
[3.932s] [34mcolcon.colcon_core.event_handler.log_command[0m [1;30mDEBUG[0m [32mInvoking command in '/home/khushal/campus_tour_ws/src/bi_agents': PYTHONPATH=/home/khushal/campus_tour_ws/build/bi_agents/prefix_override:/usr/lib/python3/dist-packages/colcon_core/task/python/colcon_distutils_commands:/home/khushal/campus_tour_ws/install/bi_agents/lib/python3.10/site-packages:${PYTHONPATH} /usr/bin/python3 -W ignore:setup.py install is deprecated setup.py egg_info --egg-base ../../build/bi_agents build --build-base /home/khushal/campus_tour_ws/build/bi_agents/build install --record /home/khushal/campus_tour_ws/build/bi_agents/install.log --single-version-externally-managed install_data[0m
[3.935s] [34mcolcon.colcon_core.event_handler.log_command[0m [1;30mDEBUG[0m [32mInvoking command in '/home/khushal/campus_tour_ws/src/ci_agents': PYTHONPATH=/home/khushal/campus_tour_ws/build/ci_agents/prefix_override:/usr/lib/python3/dist-packages/colcon_core/task/python/colcon_distutils_commands:/home/khushal/campus_tour_ws/install/ci_agents/lib/python3.10/site-packages:${PYTHONPATH} /usr/bin/python3 -W ignore:setup.py install is deprecated setup.py egg_info --egg-base ../../build/ci_agents build --build-base /home/khushal/campus_tour_ws/build/ci_agents/build install --record /home/khushal/campus_tour_ws/build/ci_agents/install.log --single-version-externally-managed install_data[0m
[3.937s] [34mcolcon.colcon_core.event_handler.log_command[0m [1;30mDEBUG[0m [32mInvoking command in '/home/khushal/campus_tour_ws/src/visitor_agents': PYTHONPATH=/home/khushal/campus_tour_ws/build/visitor_agents/prefix_override:/usr/lib/python3/dist-packages/colcon_core/task/python/colcon_distutils_commands:/home/khushal/campus_tour_ws/install/visitor_agents/lib/python3.10/site-packages:${PYTHONPATH} /usr/bin/python3 -W ignore:setup.py install is deprecated setup.py egg_info --egg-base ../../build/visitor_agents build --build-base /home/khushal/campus_tour_ws/build/visitor_agents/build install --record /home/khushal/campus_tour_ws/build/visitor_agents/install.log --single-version-externally-managed install_data[0m
[4.236s] [34mcolcon.colcon_core.event_handler.log_command[0m [1;30mDEBUG[0m [32mInvoked command in '/home/khushal/campus_tour_ws/src/ci_agents' returned '0': PYTHONPATH=/home/khushal/campus_tour_ws/build/ci_agents/prefix_override:/usr/lib/python3/dist-packages/colcon_core/task/python/colcon_distutils_commands:/home/khushal/campus_tour_ws/install/ci_agents/lib/python3.10/site-packages:${PYTHONPATH} /usr/bin/python3 -W ignore:setup.py install is deprecated setup.py egg_info --egg-base ../../build/ci_agents build --build-base /home/khushal/campus_tour_ws/build/ci_agents/build install --record /home/khushal/campus_tour_ws/build/ci_agents/install.log --single-version-externally-managed install_data[0m
[4.245s] [34mcolcon.colcon_core.environment[0m [1;30mLevel 1[0m checking '/home/khushal/campus_tour_ws/install/ci_agents' for CMake module files
[4.246s] [34mcolcon.colcon_core.environment[0m [1;30mLevel 1[0m checking '/home/khushal/campus_tour_ws/install/ci_agents' for CMake config files
[4.246s] [34mcolcon.colcon_core.environment[0m [1;30mLevel 1[0m checking '/home/khushal/campus_tour_ws/install/ci_agents/lib'
[4.246s] [34mcolcon.colcon_core.environment[0m [1;30mLevel 1[0m checking '/home/khushal/campus_tour_ws/install/ci_agents/bin'
[4.246s] [34mcolcon.colcon_core.environment[0m [1;30mLevel 1[0m checking '/home/khushal/campus_tour_ws/install/ci_agents/lib/pkgconfig/ci_agents.pc'
[4.247s] [34mcolcon.colcon_core.environment[0m [1;30mLevel 1[0m checking '/home/khushal/campus_tour_ws/install/ci_agents/lib/python3.10/site-packages'
[4.247s] [34mcolcon.colcon_core.shell[0m [1;30mLevel 1[0m create_environment_hook('ci_agents', 'pythonpath')
[4.247s] [34mcolcon.colcon_core.shell[0m [1;30mINFO[0m Creating environment hook '/home/khushal/campus_tour_ws/install/ci_agents/share/ci_agents/hook/pythonpath.ps1'
[4.249s] [34mcolcon.colcon_core.shell[0m [1;30mINFO[0m Creating environment descriptor '/home/khushal/campus_tour_ws/install/ci_agents/share/ci_agents/hook/pythonpath.dsv'
[4.249s] [34mcolcon.colcon_core.shell[0m [1;30mINFO[0m Creating environment hook '/home/khushal/campus_tour_ws/install/ci_agents/share/ci_agents/hook/pythonpath.sh'
[4.251s] [34mcolcon.colcon_core.environment[0m [1;30mLevel 1[0m checking '/home/khushal/campus_tour_ws/install/ci_agents/bin'
[4.251s] [34mcolcon.colcon_core.environment[0m [1;30mLevel 1[0m create_environment_scripts_only(ci_agents)
[4.251s] [34mcolcon.colcon_core.shell[0m [1;30mINFO[0m Creating package script '/home/khushal/campus_tour_ws/install/ci_agents/share/ci_agents/package.ps1'
[4.252s] [34mcolcon.colcon_core.shell[0m [1;30mINFO[0m Creating package descriptor '/home/khushal/campus_tour_ws/install/ci_agents/share/ci_agents/package.dsv'
[4.253s] [34mcolcon.colcon_core.shell[0m [1;30mINFO[0m Creating package script '/home/khushal/campus_tour_ws/install/ci_agents/share/ci_agents/package.sh'
[4.255s] [34mcolcon.colcon_core.shell[0m [1;30mINFO[0m Creating package script '/home/khushal/campus_tour_ws/install/ci_agents/share/ci_agents/package.bash'
[4.256s] [34mcolcon.colcon_core.shell[0m [1;30mINFO[0m Creating package script '/home/khushal/campus_tour_ws/install/ci_agents/share/ci_agents/package.zsh'
[4.257s] [34mcolcon.colcon_core.environment[0m [1;30mLevel 1[0m create_file_with_runtime_dependencies(/home/khushal/campus_tour_ws/install/ci_agents/share/colcon-core/packages/ci_agents)
[4.260s] [34mcolcon.colcon_core.environment[0m [1;30mLevel 1[0m checking '/home/khushal/campus_tour_ws/install/bi_agents' for CMake module files
[4.260s] [34mcolcon.colcon_core.environment[0m [1;30mLevel 1[0m checking '/home/khushal/campus_tour_ws/install/bi_agents' for CMake config files
[4.261s] [34mcolcon.colcon_core.event_handler.log_command[0m [1;30mDEBUG[0m [32mInvoked command in '/home/khushal/campus_tour_ws/src/bi_agents' returned '0': PYTHONPATH=/home/khushal/campus_tour_ws/build/bi_agents/prefix_override:/usr/lib/python3/dist-packages/colcon_core/task/python/colcon_distutils_commands:/home/khushal/campus_tour_ws/install/bi_agents/lib/python3.10/site-packages:${PYTHONPATH} /usr/bin/python3 -W ignore:setup.py install is deprecated setup.py egg_info --egg-base ../../build/bi_agents build --build-base /home/khushal/campus_tour_ws/build/bi_agents/build install --record /home/khushal/campus_tour_ws/build/bi_agents/install.log --single-version-externally-managed install_data[0m
[4.262s] [34mcolcon.colcon_core.environment[0m [1;30mLevel 1[0m checking '/home/khushal/campus_tour_ws/install/bi_agents/lib'
[4.262s] [34mcolcon.colcon_core.environment[0m [1;30mLevel 1[0m checking '/home/khushal/campus_tour_ws/install/bi_agents/bin'
[4.262s] [34mcolcon.colcon_core.environment[0m [1;30mLevel 1[0m checking '/home/khushal/campus_tour_ws/install/bi_agents/lib/pkgconfig/bi_agents.pc'
[4.262s] [34mcolcon.colcon_core.environment[0m [1;30mLevel 1[0m checking '/home/khushal/campus_tour_ws/install/bi_agents/lib/python3.10/site-packages'
[4.262s] [34mcolcon.colcon_core.shell[0m [1;30mLevel 1[0m create_environment_hook('bi_agents', 'pythonpath')
[4.262s] [34mcolcon.colcon_core.shell[0m [1;30mINFO[0m Creating environment hook '/home/khushal/campus_tour_ws/install/bi_agents/share/bi_agents/hook/pythonpath.ps1'
[4.263s] [34mcolcon.colcon_core.shell[0m [1;30mINFO[0m Creating environment descriptor '/home/khushal/campus_tour_ws/install/bi_agents/share/bi_agents/hook/pythonpath.dsv'
[4.263s] [34mcolcon.colcon_core.shell[0m [1;30mINFO[0m Creating environment hook '/home/khushal/campus_tour_ws/install/bi_agents/share/bi_agents/hook/pythonpath.sh'
[4.264s] [34mcolcon.colcon_core.environment[0m [1;30mLevel 1[0m checking '/home/khushal/campus_tour_ws/install/bi_agents/bin'
[4.264s] [34mcolcon.colcon_core.environment[0m [1;30mLevel 1[0m create_environment_scripts_only(bi_agents)
[4.264s] [34mcolcon.colcon_core.shell[0m [1;30mINFO[0m Creating package script '/home/khushal/campus_tour_ws/install/bi_agents/share/bi_agents/package.ps1'
[4.265s] [34mcolcon.colcon_core.shell[0m [1;30mINFO[0m Creating package descriptor '/home/khushal/campus_tour_ws/install/bi_agents/share/bi_agents/package.dsv'
[4.265s] [34mcolcon.colcon_core.shell[0m [1;30mINFO[0m Creating package script '/home/khushal/campus_tour_ws/install/bi_agents/share/bi_agents/package.sh'
[4.265s] [34mcolcon.colcon_core.shell[0m [1;30mINFO[0m Creating package script '/home/khushal/campus_tour_ws/install/bi_agents/share/bi_agents/package.bash'
[4.266s] [34mcolcon.colcon_core.shell[0m [1;30mINFO[0m Creating package script '/home/khushal/campus_tour_ws/install/bi_agents/share/bi_agents/package.zsh'
[4.266s] [34mcolcon.colcon_core.environment[0m [1;30mLevel 1[0m create_file_with_runtime_dependencies(/home/khushal/campus_tour_ws/install/bi_agents/share/colcon-core/packages/bi_agents)
[4.266s] [34mcolcon.colcon_core.environment[0m [1;30mLevel 1[0m checking '/home/khushal/campus_tour_ws/install/visitor_agents' for CMake module files
[4.267s] [34mcolcon.colcon_core.event_handler.log_command[0m [1;30mDEBUG[0m [32mInvoked command in '/home/khushal/campus_tour_ws/src/visitor_agents' returned '0': PYTHONPATH=/home/khushal/campus_tour_ws/build/visitor_agents/prefix_override:/usr/lib/python3/dist-packages/colcon_core/task/python/colcon_distutils_commands:/home/khushal/campus_tour_ws/install/visitor_agents/lib/python3.10/site-packages:${PYTHONPATH} /usr/bin/python3 -W ignore:setup.py install is deprecated setup.py egg_info --egg-base ../../build/visitor_agents build --build-base /home/khushal/campus_tour_ws/build/visitor_agents/build install --record /home/khushal/campus_tour_ws/build/visitor_agents/install.log --single-version-externally-managed install_data[0m
[4.268s] [34mcolcon.colcon_core.environment[0m [1;30mLevel 1[0m checking '/home/khushal/campus_tour_ws/install/visitor_agents' for CMake config files
[4.268s] [34mcolcon.colcon_core.environment[0m [1;30mLevel 1[0m checking '/home/khushal/campus_tour_ws/install/visitor_agents/lib'
[4.268s] [34mcolcon.colcon_core.environment[0m [1;30mLevel 1[0m checking '/home/khushal/campus_tour_ws/install/visitor_agents/bin'
[4.268s] [34mcolcon.colcon_core.environment[0m [1;30mLevel 1[0m checking '/home/khushal/campus_tour_ws/install/visitor_agents/lib/pkgconfig/visitor_agents.pc'
[4.268s] [34mcolcon.colcon_core.environment[0m [1;30mLevel 1[0m checking '/home/khushal/campus_tour_ws/install/visitor_agents/lib/python3.10/site-packages'
[4.268s] [34mcolcon.colcon_core.shell[0m [1;30mLevel 1[0m create_environment_hook('visitor_agents', 'pythonpath')
[4.268s] [34mcolcon.colcon_core.shell[0m [1;30mINFO[0m Creating environment hook '/home/khushal/campus_tour_ws/install/visitor_agents/share/visitor_agents/hook/pythonpath.ps1'
[4.269s] [34mcolcon.colcon_core.shell[0m [1;30mINFO[0m Creating environment descriptor '/home/khushal/campus_tour_ws/install/visitor_agents/share/visitor_agents/hook/pythonpath.dsv'
[4.269s] [34mcolcon.colcon_core.shell[0m [1;30mINFO[0m Creating environment hook '/home/khushal/campus_tour_ws/install/visitor_agents/share/visitor_agents/hook/pythonpath.sh'
[4.269s] [34mcolcon.colcon_core.environment[0m [1;30mLevel 1[0m checking '/home/khushal/campus_tour_ws/install/visitor_agents/bin'
[4.269s] [34mcolcon.colcon_core.environment[0m [1;30mLevel 1[0m create_environment_scripts_only(visitor_agents)
[4.270s] [34mcolcon.colcon_core.shell[0m [1;30mINFO[0m Creating package script '/home/khushal/campus_tour_ws/install/visitor_agents/share/visitor_agents/package.ps1'
[4.270s] [34mcolcon.colcon_core.shell[0m [1;30mINFO[0m Creating package descriptor '/home/khushal/campus_tour_ws/install/visitor_agents/share/visitor_agents/package.dsv'
[4.270s] [34mcolcon.colcon_core.shell[0m [1;30mINFO[0m Creating package script '/home/khushal/campus_tour_ws/install/visitor_agents/share/visitor_agents/package.sh'
[4.271s] [34mcolcon.colcon_core.shell[0m [1;30mINFO[0m Creating package script '/home/khushal/campus_tour_ws/install/visitor_agents/share/visitor_agents/package.bash'
[4.271s] [34mcolcon.colcon_core.shell[0m [1;30mINFO[0m Creating package script '/home/khushal/campus_tour_ws/install/visitor_agents/share/visitor_agents/package.zsh'
[4.271s] [34mcolcon.colcon_core.environment[0m [1;30mLevel 1[0m create_file_with_runtime_dependencies(/home/khushal/campus_tour_ws/install/visitor_agents/share/colcon-core/packages/visitor_agents)
[4.272s] [34mcolcon.colcon_parallel_executor.executor.parallel[0m [1;30mDEBUG[0m [32mclosing loop[0m
[4.272s] [34mcolcon.colcon_parallel_executor.executor.parallel[0m [1;30mDEBUG[0m [32mloop closed[0m
[4.272s] [34mcolcon.colcon_parallel_executor.executor.parallel[0m [1;30mDEBUG[0m [32mrun_until_complete finished with '0'[0m
[4.272s] [34mcolcon.colcon_core.event_reactor[0m [1;30mDEBUG[0m [32mjoining thread[0m
[4.331s] [34mcolcon.colcon_core.plugin_system[0m [1;30mINFO[0m Skipping extension 'colcon_notification.desktop_notification.notify_send': Could not find 'notify-send'
[4.331s] [34mcolcon.colcon_core.plugin_system[0m [1;30mINFO[0m Skipping extension 'colcon_notification.desktop_notification.terminal_notifier': Not used on non-Darwin systems
[4.331s] [34mcolcon.colcon_core.plugin_system[0m [1;30mINFO[0m Skipping extension 'colcon_notification.desktop_notification.win32': Not used on non-Windows systems
[4.331s] [34mcolcon.colcon_notification.desktop_notification[0m [1;30mINFO[0m Sending desktop notification using 'notify2'
[4.352s] [34mcolcon.colcon_notification.desktop_notification.notify2[0m [1;30mDEBUG[0m [32mFailed to initialize notify2: org.freedesktop.DBus.Error.ServiceUnknown: The name org.freedesktop.Notifications was not provided by any .service files[0m
[4.352s] [34mcolcon.colcon_core.event_reactor[0m [1;30mDEBUG[0m [32mjoined thread[0m
[4.353s] [34mcolcon.colcon_core.shell[0m [1;30mINFO[0m Creating prefix script '/home/khushal/campus_tour_ws/install/local_setup.ps1'
[4.354s] [34mcolcon.colcon_core.shell[0m [1;30mINFO[0m Creating prefix util module '/home/khushal/campus_tour_ws/install/_local_setup_util_ps1.py'
[4.355s] [34mcolcon.colcon_core.shell[0m [1;30mINFO[0m Creating prefix chain script '/home/khushal/campus_tour_ws/install/setup.ps1'
[4.356s] [34mcolcon.colcon_core.shell[0m [1;30mINFO[0m Creating prefix script '/home/khushal/campus_tour_ws/install/local_setup.sh'
[4.357s] [34mcolcon.colcon_core.shell[0m [1;30mINFO[0m Creating prefix util module '/home/khushal/campus_tour_ws/install/_local_setup_util_sh.py'
[4.357s] [34mcolcon.colcon_core.shell[0m [1;30mINFO[0m Creating prefix chain script '/home/khushal/campus_tour_ws/install/setup.sh'
[4.359s] [34mcolcon.colcon_core.shell[0m [1;30mINFO[0m Creating prefix script '/home/khushal/campus_tour_ws/install/local_setup.bash'
[4.360s] [34mcolcon.colcon_core.shell[0m [1;30mINFO[0m Creating prefix chain script '/home/khushal/campus_tour_ws/install/setup.bash'
[4.361s] [34mcolcon.colcon_core.shell[0m [1;30mINFO[0m Creating prefix script '/home/khushal/campus_tour_ws/install/local_setup.zsh'
[4.362s] [34mcolcon.colcon_core.shell[0m [1;30mINFO[0m Creating prefix chain script '/home/khushal/campus_tour_ws/install/setup.zsh'
