[0.473s] DEBUG:colcon:Command line arguments: ['/usr/bin/colcon', 'build']
[0.473s] DEBUG:colcon:Parsed command line arguments: Namespace(log_base=None, log_level=None, verb_name='build', build_base='build', install_base='install', merge_install=False, symlink_install=False, test_result_base=None, continue_on_error=False, executor='parallel', parallel_workers=12, event_handlers=None, ignore_user_meta=False, metas=['./colcon.meta'], base_paths=['.'], packages_ignore=None, packages_ignore_regex=None, paths=None, packages_up_to=None, packages_up_to_regex=None, packages_above=None, packages_above_and_dependencies=None, packages_above_depth=None, packages_select_by_dep=None, packages_skip_by_dep=None, packages_skip_up_to=None, packages_select_build_failed=False, packages_skip_build_finished=False, packages_select_test_failures=False, packages_skip_test_passed=False, packages_select=None, packages_skip=None, packages_select_regex=None, packages_skip_regex=None, packages_start=None, packages_end=None, allow_overriding=[], cmake_args=None, cmake_target=None, cmake_target_skip_unavailable=False, cmake_clean_cache=False, cmake_clean_first=False, cmake_force_configure=False, ament_cmake_args=None, catkin_cmake_args=None, catkin_skip_building_tests=False, verb_parser=<colcon_defaults.argument_parser.defaults.DefaultArgumentsDecorator object at 0x7f90c809c760>, verb_extension=<colcon_core.verb.build.BuildVerb object at 0x7f90c809c1f0>, main=<bound method BuildVerb.main of <colcon_core.verb.build.BuildVerb object at 0x7f90c809c1f0>>)
[1.040s] Level 1:colcon.colcon_core.package_discovery:discover_packages(colcon_meta) check parameters
[1.040s] Level 1:colcon.colcon_core.package_discovery:discover_packages(recursive) check parameters
[1.040s] Level 1:colcon.colcon_core.package_discovery:discover_packages(ignore) check parameters
[1.040s] Level 1:colcon.colcon_core.package_discovery:discover_packages(path) check parameters
[1.040s] Level 1:colcon.colcon_core.package_discovery:discover_packages(colcon_meta) discover
[1.040s] Level 1:colcon.colcon_core.package_discovery:discover_packages(recursive) discover
[1.040s] INFO:colcon.colcon_core.package_discovery:Crawling recursively for packages in '/home/khushal/campus_tour_ws'
[1.040s] Level 1:colcon.colcon_core.package_identification:_identify(.) by extensions ['ignore', 'ignore_ament_install']
[1.041s] Level 1:colcon.colcon_core.package_identification:_identify(.) by extension 'ignore'
[1.041s] Level 1:colcon.colcon_core.package_identification:_identify(.) by extension 'ignore_ament_install'
[1.041s] Level 1:colcon.colcon_core.package_identification:_identify(.) by extensions ['colcon_pkg']
[1.041s] Level 1:colcon.colcon_core.package_identification:_identify(.) by extension 'colcon_pkg'
[1.041s] Level 1:colcon.colcon_core.package_identification:_identify(.) by extensions ['colcon_meta']
[1.041s] Level 1:colcon.colcon_core.package_identification:_identify(.) by extension 'colcon_meta'
[1.041s] Level 1:colcon.colcon_core.package_identification:_identify(.) by extensions ['ros']
[1.041s] Level 1:colcon.colcon_core.package_identification:_identify(.) by extension 'ros'
[1.056s] Level 1:colcon.colcon_core.package_identification:_identify(.) by extensions ['cmake', 'python']
[1.056s] Level 1:colcon.colcon_core.package_identification:_identify(.) by extension 'cmake'
[1.056s] Level 1:colcon.colcon_core.package_identification:_identify(.) by extension 'python'
[1.056s] Level 1:colcon.colcon_core.package_identification:_identify(.) by extensions ['python_setup_py']
[1.056s] Level 1:colcon.colcon_core.package_identification:_identify(.) by extension 'python_setup_py'
[1.056s] Level 1:colcon.colcon_core.package_identification:_identify(build) by extensions ['ignore', 'ignore_ament_install']
[1.056s] Level 1:colcon.colcon_core.package_identification:_identify(build) by extension 'ignore'
[1.057s] Level 1:colcon.colcon_core.package_identification:_identify(build) ignored
[1.057s] Level 1:colcon.colcon_core.package_identification:_identify(install) by extensions ['ignore', 'ignore_ament_install']
[1.058s] Level 1:colcon.colcon_core.package_identification:_identify(install) by extension 'ignore'
[1.058s] Level 1:colcon.colcon_core.package_identification:_identify(install) ignored
[1.058s] Level 1:colcon.colcon_core.package_identification:_identify(log) by extensions ['ignore', 'ignore_ament_install']
[1.058s] Level 1:colcon.colcon_core.package_identification:_identify(log) by extension 'ignore'
[1.058s] Level 1:colcon.colcon_core.package_identification:_identify(log) ignored
[1.058s] Level 1:colcon.colcon_core.package_identification:_identify(src) by extensions ['ignore', 'ignore_ament_install']
[1.058s] Level 1:colcon.colcon_core.package_identification:_identify(src) by extension 'ignore'
[1.058s] Level 1:colcon.colcon_core.package_identification:_identify(src) by extension 'ignore_ament_install'
[1.059s] Level 1:colcon.colcon_core.package_identification:_identify(src) by extensions ['colcon_pkg']
[1.059s] Level 1:colcon.colcon_core.package_identification:_identify(src) by extension 'colcon_pkg'
[1.059s] Level 1:colcon.colcon_core.package_identification:_identify(src) by extensions ['colcon_meta']
[1.059s] Level 1:colcon.colcon_core.package_identification:_identify(src) by extension 'colcon_meta'
[1.059s] Level 1:colcon.colcon_core.package_identification:_identify(src) by extensions ['ros']
[1.059s] Level 1:colcon.colcon_core.package_identification:_identify(src) by extension 'ros'
[1.059s] Level 1:colcon.colcon_core.package_identification:_identify(src) by extensions ['cmake', 'python']
[1.059s] Level 1:colcon.colcon_core.package_identification:_identify(src) by extension 'cmake'
[1.059s] Level 1:colcon.colcon_core.package_identification:_identify(src) by extension 'python'
[1.059s] Level 1:colcon.colcon_core.package_identification:_identify(src) by extensions ['python_setup_py']
[1.059s] Level 1:colcon.colcon_core.package_identification:_identify(src) by extension 'python_setup_py'
[1.059s] Level 1:colcon.colcon_core.package_identification:_identify(src/bi_agents) by extensions ['ignore', 'ignore_ament_install']
[1.060s] Level 1:colcon.colcon_core.package_identification:_identify(src/bi_agents) by extension 'ignore'
[1.060s] Level 1:colcon.colcon_core.package_identification:_identify(src/bi_agents) by extension 'ignore_ament_install'
[1.060s] Level 1:colcon.colcon_core.package_identification:_identify(src/bi_agents) by extensions ['colcon_pkg']
[1.060s] Level 1:colcon.colcon_core.package_identification:_identify(src/bi_agents) by extension 'colcon_pkg'
[1.060s] Level 1:colcon.colcon_core.package_identification:_identify(src/bi_agents) by extensions ['colcon_meta']
[1.060s] Level 1:colcon.colcon_core.package_identification:_identify(src/bi_agents) by extension 'colcon_meta'
[1.060s] Level 1:colcon.colcon_core.package_identification:_identify(src/bi_agents) by extensions ['ros']
[1.060s] Level 1:colcon.colcon_core.package_identification:_identify(src/bi_agents) by extension 'ros'
[1.066s] DEBUG:colcon.colcon_core.package_identification:Package 'src/bi_agents' with type 'ros.ament_python' and name 'bi_agents'
[1.067s] Level 1:colcon.colcon_core.package_identification:_identify(src/ci_agents) by extensions ['ignore', 'ignore_ament_install']
[1.067s] Level 1:colcon.colcon_core.package_identification:_identify(src/ci_agents) by extension 'ignore'
[1.067s] Level 1:colcon.colcon_core.package_identification:_identify(src/ci_agents) by extension 'ignore_ament_install'
[1.067s] Level 1:colcon.colcon_core.package_identification:_identify(src/ci_agents) by extensions ['colcon_pkg']
[1.067s] Level 1:colcon.colcon_core.package_identification:_identify(src/ci_agents) by extension 'colcon_pkg'
[1.067s] Level 1:colcon.colcon_core.package_identification:_identify(src/ci_agents) by extensions ['colcon_meta']
[1.067s] Level 1:colcon.colcon_core.package_identification:_identify(src/ci_agents) by extension 'colcon_meta'
[1.067s] Level 1:colcon.colcon_core.package_identification:_identify(src/ci_agents) by extensions ['ros']
[1.067s] Level 1:colcon.colcon_core.package_identification:_identify(src/ci_agents) by extension 'ros'
[1.068s] DEBUG:colcon.colcon_core.package_identification:Package 'src/ci_agents' with type 'ros.ament_python' and name 'ci_agents'
[1.069s] Level 1:colcon.colcon_core.package_identification:_identify(src/visitor_agents) by extensions ['ignore', 'ignore_ament_install']
[1.069s] Level 1:colcon.colcon_core.package_identification:_identify(src/visitor_agents) by extension 'ignore'
[1.069s] Level 1:colcon.colcon_core.package_identification:_identify(src/visitor_agents) by extension 'ignore_ament_install'
[1.069s] Level 1:colcon.colcon_core.package_identification:_identify(src/visitor_agents) by extensions ['colcon_pkg']
[1.069s] Level 1:colcon.colcon_core.package_identification:_identify(src/visitor_agents) by extension 'colcon_pkg'
[1.069s] Level 1:colcon.colcon_core.package_identification:_identify(src/visitor_agents) by extensions ['colcon_meta']
[1.069s] Level 1:colcon.colcon_core.package_identification:_identify(src/visitor_agents) by extension 'colcon_meta'
[1.069s] Level 1:colcon.colcon_core.package_identification:_identify(src/visitor_agents) by extensions ['ros']
[1.069s] Level 1:colcon.colcon_core.package_identification:_identify(src/visitor_agents) by extension 'ros'
[1.070s] DEBUG:colcon.colcon_core.package_identification:Package 'src/visitor_agents' with type 'ros.ament_python' and name 'visitor_agents'
[1.070s] Level 1:colcon.colcon_core.package_discovery:discover_packages(recursive) using defaults
[1.070s] Level 1:colcon.colcon_core.package_discovery:discover_packages(ignore) discover
[1.071s] Level 1:colcon.colcon_core.package_discovery:discover_packages(ignore) using defaults
[1.071s] Level 1:colcon.colcon_core.package_discovery:discover_packages(path) discover
[1.071s] Level 1:colcon.colcon_core.package_discovery:discover_packages(path) using defaults
[1.110s] Level 1:colcon.colcon_core.package_discovery:discover_packages(prefix_path) check parameters
[1.110s] Level 1:colcon.colcon_core.package_discovery:discover_packages(prefix_path) discover
[1.117s] DEBUG:colcon.colcon_installed_package_information.package_discovery:Found 3 installed packages in /home/khushal/campus_tour_ws/install
[1.121s] DEBUG:colcon.colcon_installed_package_information.package_discovery:Found 270 installed packages in /opt/ros/humble
[1.131s] Level 1:colcon.colcon_core.package_discovery:discover_packages(prefix_path) using defaults
[1.247s] Level 5:colcon.colcon_core.verb:set package 'bi_agents' build argument 'cmake_args' from command line to 'None'
[1.247s] Level 5:colcon.colcon_core.verb:set package 'bi_agents' build argument 'cmake_target' from command line to 'None'
[1.247s] Level 5:colcon.colcon_core.verb:set package 'bi_agents' build argument 'cmake_target_skip_unavailable' from command line to 'False'
[1.247s] Level 5:colcon.colcon_core.verb:set package 'bi_agents' build argument 'cmake_clean_cache' from command line to 'False'
[1.247s] Level 5:colcon.colcon_core.verb:set package 'bi_agents' build argument 'cmake_clean_first' from command line to 'False'
[1.247s] Level 5:colcon.colcon_core.verb:set package 'bi_agents' build argument 'cmake_force_configure' from command line to 'False'
[1.247s] Level 5:colcon.colcon_core.verb:set package 'bi_agents' build argument 'ament_cmake_args' from command line to 'None'
[1.247s] Level 5:colcon.colcon_core.verb:set package 'bi_agents' build argument 'catkin_cmake_args' from command line to 'None'
[1.247s] Level 5:colcon.colcon_core.verb:set package 'bi_agents' build argument 'catkin_skip_building_tests' from command line to 'False'
[1.247s] DEBUG:colcon.colcon_core.verb:Building package 'bi_agents' with the following arguments: {'ament_cmake_args': None, 'build_base': '/home/khushal/campus_tour_ws/build/bi_agents', 'catkin_cmake_args': None, 'catkin_skip_building_tests': False, 'cmake_args': None, 'cmake_clean_cache': False, 'cmake_clean_first': False, 'cmake_force_configure': False, 'cmake_target': None, 'cmake_target_skip_unavailable': False, 'install_base': '/home/khushal/campus_tour_ws/install/bi_agents', 'merge_install': False, 'path': '/home/khushal/campus_tour_ws/src/bi_agents', 'symlink_install': False, 'test_result_base': None}
[1.248s] Level 5:colcon.colcon_core.verb:set package 'ci_agents' build argument 'cmake_args' from command line to 'None'
[1.248s] Level 5:colcon.colcon_core.verb:set package 'ci_agents' build argument 'cmake_target' from command line to 'None'
[1.248s] Level 5:colcon.colcon_core.verb:set package 'ci_agents' build argument 'cmake_target_skip_unavailable' from command line to 'False'
[1.248s] Level 5:colcon.colcon_core.verb:set package 'ci_agents' build argument 'cmake_clean_cache' from command line to 'False'
[1.248s] Level 5:colcon.colcon_core.verb:set package 'ci_agents' build argument 'cmake_clean_first' from command line to 'False'
[1.248s] Level 5:colcon.colcon_core.verb:set package 'ci_agents' build argument 'cmake_force_configure' from command line to 'False'
[1.248s] Level 5:colcon.colcon_core.verb:set package 'ci_agents' build argument 'ament_cmake_args' from command line to 'None'
[1.248s] Level 5:colcon.colcon_core.verb:set package 'ci_agents' build argument 'catkin_cmake_args' from command line to 'None'
[1.248s] Level 5:colcon.colcon_core.verb:set package 'ci_agents' build argument 'catkin_skip_building_tests' from command line to 'False'
[1.248s] DEBUG:colcon.colcon_core.verb:Building package 'ci_agents' with the following arguments: {'ament_cmake_args': None, 'build_base': '/home/khushal/campus_tour_ws/build/ci_agents', 'catkin_cmake_args': None, 'catkin_skip_building_tests': False, 'cmake_args': None, 'cmake_clean_cache': False, 'cmake_clean_first': False, 'cmake_force_configure': False, 'cmake_target': None, 'cmake_target_skip_unavailable': False, 'install_base': '/home/khushal/campus_tour_ws/install/ci_agents', 'merge_install': False, 'path': '/home/khushal/campus_tour_ws/src/ci_agents', 'symlink_install': False, 'test_result_base': None}
[1.248s] Level 5:colcon.colcon_core.verb:set package 'visitor_agents' build argument 'cmake_args' from command line to 'None'
[1.248s] Level 5:colcon.colcon_core.verb:set package 'visitor_agents' build argument 'cmake_target' from command line to 'None'
[1.248s] Level 5:colcon.colcon_core.verb:set package 'visitor_agents' build argument 'cmake_target_skip_unavailable' from command line to 'False'
[1.248s] Level 5:colcon.colcon_core.verb:set package 'visitor_agents' build argument 'cmake_clean_cache' from command line to 'False'
[1.248s] Level 5:colcon.colcon_core.verb:set package 'visitor_agents' build argument 'cmake_clean_first' from command line to 'False'
[1.248s] Level 5:colcon.colcon_core.verb:set package 'visitor_agents' build argument 'cmake_force_configure' from command line to 'False'
[1.248s] Level 5:colcon.colcon_core.verb:set package 'visitor_agents' build argument 'ament_cmake_args' from command line to 'None'
[1.248s] Level 5:colcon.colcon_core.verb:set package 'visitor_agents' build argument 'catkin_cmake_args' from command line to 'None'
[1.248s] Level 5:colcon.colcon_core.verb:set package 'visitor_agents' build argument 'catkin_skip_building_tests' from command line to 'False'
[1.248s] DEBUG:colcon.colcon_core.verb:Building package 'visitor_agents' with the following arguments: {'ament_cmake_args': None, 'build_base': '/home/khushal/campus_tour_ws/build/visitor_agents', 'catkin_cmake_args': None, 'catkin_skip_building_tests': False, 'cmake_args': None, 'cmake_clean_cache': False, 'cmake_clean_first': False, 'cmake_force_configure': False, 'cmake_target': None, 'cmake_target_skip_unavailable': False, 'install_base': '/home/khushal/campus_tour_ws/install/visitor_agents', 'merge_install': False, 'path': '/home/khushal/campus_tour_ws/src/visitor_agents', 'symlink_install': False, 'test_result_base': None}
[1.248s] INFO:colcon.colcon_core.executor:Executing jobs using 'parallel' executor
[1.249s] DEBUG:colcon.colcon_parallel_executor.executor.parallel:run_until_complete
[1.249s] INFO:colcon.colcon_ros.task.ament_python.build:Building ROS package in '/home/khushal/campus_tour_ws/src/bi_agents' with build type 'ament_python'
[1.249s] Level 1:colcon.colcon_core.shell:create_environment_hook('bi_agents', 'ament_prefix_path')
[1.258s] INFO:colcon.colcon_core.plugin_system:Skipping extension 'colcon_core.shell.bat': Not used on non-Windows systems
[1.258s] INFO:colcon.colcon_core.shell:Creating environment hook '/home/khushal/campus_tour_ws/install/bi_agents/share/bi_agents/hook/ament_prefix_path.ps1'
[1.263s] INFO:colcon.colcon_core.shell:Creating environment descriptor '/home/khushal/campus_tour_ws/install/bi_agents/share/bi_agents/hook/ament_prefix_path.dsv'
[1.264s] INFO:colcon.colcon_core.shell:Creating environment hook '/home/khushal/campus_tour_ws/install/bi_agents/share/bi_agents/hook/ament_prefix_path.sh'
[1.265s] INFO:colcon.colcon_core.shell:Skip shell extension 'powershell' for command environment: Not usable outside of PowerShell
[1.265s] DEBUG:colcon.colcon_core.shell:Skip shell extension 'dsv' for command environment
[1.269s] INFO:colcon.colcon_ros.task.ament_python.build:Building ROS package in '/home/khushal/campus_tour_ws/src/ci_agents' with build type 'ament_python'
[1.269s] Level 1:colcon.colcon_core.shell:create_environment_hook('ci_agents', 'ament_prefix_path')
[1.269s] INFO:colcon.colcon_core.shell:Creating environment hook '/home/khushal/campus_tour_ws/install/ci_agents/share/ci_agents/hook/ament_prefix_path.ps1'
[1.270s] INFO:colcon.colcon_core.shell:Creating environment descriptor '/home/khushal/campus_tour_ws/install/ci_agents/share/ci_agents/hook/ament_prefix_path.dsv'
[1.270s] INFO:colcon.colcon_core.shell:Creating environment hook '/home/khushal/campus_tour_ws/install/ci_agents/share/ci_agents/hook/ament_prefix_path.sh'
[1.271s] INFO:colcon.colcon_core.shell:Skip shell extension 'powershell' for command environment: Not usable outside of PowerShell
[1.271s] DEBUG:colcon.colcon_core.shell:Skip shell extension 'dsv' for command environment
[1.276s] INFO:colcon.colcon_ros.task.ament_python.build:Building ROS package in '/home/khushal/campus_tour_ws/src/visitor_agents' with build type 'ament_python'
[1.276s] Level 1:colcon.colcon_core.shell:create_environment_hook('visitor_agents', 'ament_prefix_path')
[1.276s] INFO:colcon.colcon_core.shell:Creating environment hook '/home/khushal/campus_tour_ws/install/visitor_agents/share/visitor_agents/hook/ament_prefix_path.ps1'
[1.277s] INFO:colcon.colcon_core.shell:Creating environment descriptor '/home/khushal/campus_tour_ws/install/visitor_agents/share/visitor_agents/hook/ament_prefix_path.dsv'
[1.278s] INFO:colcon.colcon_core.shell:Creating environment hook '/home/khushal/campus_tour_ws/install/visitor_agents/share/visitor_agents/hook/ament_prefix_path.sh'
[1.278s] INFO:colcon.colcon_core.shell:Skip shell extension 'powershell' for command environment: Not usable outside of PowerShell
[1.278s] DEBUG:colcon.colcon_core.shell:Skip shell extension 'dsv' for command environment
[1.498s] INFO:colcon.colcon_core.task.python.build:Building Python package in '/home/khushal/campus_tour_ws/src/bi_agents'
[1.499s] INFO:colcon.colcon_core.shell:Skip shell extension 'powershell' for command environment: Not usable outside of PowerShell
[1.499s] DEBUG:colcon.colcon_core.shell:Skip shell extension 'dsv' for command environment
[1.717s] INFO:colcon.colcon_core.task.python.build:Building Python package in '/home/khushal/campus_tour_ws/src/ci_agents'
[1.717s] INFO:colcon.colcon_core.shell:Skip shell extension 'powershell' for command environment: Not usable outside of PowerShell
[1.717s] DEBUG:colcon.colcon_core.shell:Skip shell extension 'dsv' for command environment
[1.935s] INFO:colcon.colcon_core.task.python.build:Building Python package in '/home/khushal/campus_tour_ws/src/visitor_agents'
[1.936s] INFO:colcon.colcon_core.shell:Skip shell extension 'powershell' for command environment: Not usable outside of PowerShell
[1.936s] DEBUG:colcon.colcon_core.shell:Skip shell extension 'dsv' for command environment
[2.464s] DEBUG:colcon.colcon_core.event_handler.log_command:Invoking command in '/home/khushal/campus_tour_ws/src/visitor_agents': PYTHONPATH=/home/khushal/campus_tour_ws/build/visitor_agents/prefix_override:/usr/lib/python3/dist-packages/colcon_core/task/python/colcon_distutils_commands:/home/khushal/campus_tour_ws/install/visitor_agents/lib/python3.10/site-packages:${PYTHONPATH} /usr/bin/python3 -W ignore:setup.py install is deprecated setup.py egg_info --egg-base ../../build/visitor_agents build --build-base /home/khushal/campus_tour_ws/build/visitor_agents/build install --record /home/khushal/campus_tour_ws/build/visitor_agents/install.log --single-version-externally-managed install_data
[2.472s] DEBUG:colcon.colcon_core.event_handler.log_command:Invoking command in '/home/khushal/campus_tour_ws/src/bi_agents': PYTHONPATH=/home/khushal/campus_tour_ws/build/bi_agents/prefix_override:/usr/lib/python3/dist-packages/colcon_core/task/python/colcon_distutils_commands:/home/khushal/campus_tour_ws/install/bi_agents/lib/python3.10/site-packages:${PYTHONPATH} /usr/bin/python3 -W ignore:setup.py install is deprecated setup.py egg_info --egg-base ../../build/bi_agents build --build-base /home/khushal/campus_tour_ws/build/bi_agents/build install --record /home/khushal/campus_tour_ws/build/bi_agents/install.log --single-version-externally-managed install_data
[2.474s] DEBUG:colcon.colcon_core.event_handler.log_command:Invoking command in '/home/khushal/campus_tour_ws/src/ci_agents': PYTHONPATH=/home/khushal/campus_tour_ws/build/ci_agents/prefix_override:/usr/lib/python3/dist-packages/colcon_core/task/python/colcon_distutils_commands:/home/khushal/campus_tour_ws/install/ci_agents/lib/python3.10/site-packages:${PYTHONPATH} /usr/bin/python3 -W ignore:setup.py install is deprecated setup.py egg_info --egg-base ../../build/ci_agents build --build-base /home/khushal/campus_tour_ws/build/ci_agents/build install --record /home/khushal/campus_tour_ws/build/ci_agents/install.log --single-version-externally-managed install_data
[2.735s] DEBUG:colcon.colcon_core.event_handler.log_command:Invoked command in '/home/khushal/campus_tour_ws/src/bi_agents' returned '0': PYTHONPATH=/home/khushal/campus_tour_ws/build/bi_agents/prefix_override:/usr/lib/python3/dist-packages/colcon_core/task/python/colcon_distutils_commands:/home/khushal/campus_tour_ws/install/bi_agents/lib/python3.10/site-packages:${PYTHONPATH} /usr/bin/python3 -W ignore:setup.py install is deprecated setup.py egg_info --egg-base ../../build/bi_agents build --build-base /home/khushal/campus_tour_ws/build/bi_agents/build install --record /home/khushal/campus_tour_ws/build/bi_agents/install.log --single-version-externally-managed install_data
[2.745s] Level 1:colcon.colcon_core.environment:checking '/home/khushal/campus_tour_ws/install/bi_agents' for CMake module files
[2.746s] Level 1:colcon.colcon_core.environment:checking '/home/khushal/campus_tour_ws/install/bi_agents' for CMake config files
[2.749s] Level 1:colcon.colcon_core.environment:checking '/home/khushal/campus_tour_ws/install/bi_agents/lib'
[2.749s] Level 1:colcon.colcon_core.environment:checking '/home/khushal/campus_tour_ws/install/bi_agents/bin'
[2.749s] Level 1:colcon.colcon_core.environment:checking '/home/khushal/campus_tour_ws/install/bi_agents/lib/pkgconfig/bi_agents.pc'
[2.749s] Level 1:colcon.colcon_core.environment:checking '/home/khushal/campus_tour_ws/install/bi_agents/lib/python3.10/site-packages'
[2.749s] Level 1:colcon.colcon_core.shell:create_environment_hook('bi_agents', 'pythonpath')
[2.750s] INFO:colcon.colcon_core.shell:Creating environment hook '/home/khushal/campus_tour_ws/install/bi_agents/share/bi_agents/hook/pythonpath.ps1'
[2.750s] INFO:colcon.colcon_core.shell:Creating environment descriptor '/home/khushal/campus_tour_ws/install/bi_agents/share/bi_agents/hook/pythonpath.dsv'
[2.751s] INFO:colcon.colcon_core.shell:Creating environment hook '/home/khushal/campus_tour_ws/install/bi_agents/share/bi_agents/hook/pythonpath.sh'
[2.751s] Level 1:colcon.colcon_core.environment:checking '/home/khushal/campus_tour_ws/install/bi_agents/bin'
[2.751s] Level 1:colcon.colcon_core.environment:create_environment_scripts_only(bi_agents)
[2.752s] INFO:colcon.colcon_core.shell:Creating package script '/home/khushal/campus_tour_ws/install/bi_agents/share/bi_agents/package.ps1'
[2.753s] INFO:colcon.colcon_core.shell:Creating package descriptor '/home/khushal/campus_tour_ws/install/bi_agents/share/bi_agents/package.dsv'
[2.754s] INFO:colcon.colcon_core.shell:Creating package script '/home/khushal/campus_tour_ws/install/bi_agents/share/bi_agents/package.sh'
[2.755s] INFO:colcon.colcon_core.shell:Creating package script '/home/khushal/campus_tour_ws/install/bi_agents/share/bi_agents/package.bash'
[2.757s] INFO:colcon.colcon_core.shell:Creating package script '/home/khushal/campus_tour_ws/install/bi_agents/share/bi_agents/package.zsh'
[2.758s] Level 1:colcon.colcon_core.environment:create_file_with_runtime_dependencies(/home/khushal/campus_tour_ws/install/bi_agents/share/colcon-core/packages/bi_agents)
[2.760s] Level 1:colcon.colcon_core.environment:checking '/home/khushal/campus_tour_ws/install/visitor_agents' for CMake module files
[2.761s] DEBUG:colcon.colcon_core.event_handler.log_command:Invoked command in '/home/khushal/campus_tour_ws/src/visitor_agents' returned '0': PYTHONPATH=/home/khushal/campus_tour_ws/build/visitor_agents/prefix_override:/usr/lib/python3/dist-packages/colcon_core/task/python/colcon_distutils_commands:/home/khushal/campus_tour_ws/install/visitor_agents/lib/python3.10/site-packages:${PYTHONPATH} /usr/bin/python3 -W ignore:setup.py install is deprecated setup.py egg_info --egg-base ../../build/visitor_agents build --build-base /home/khushal/campus_tour_ws/build/visitor_agents/build install --record /home/khushal/campus_tour_ws/build/visitor_agents/install.log --single-version-externally-managed install_data
[2.762s] Level 1:colcon.colcon_core.environment:checking '/home/khushal/campus_tour_ws/install/visitor_agents' for CMake config files
[2.765s] Level 1:colcon.colcon_core.environment:checking '/home/khushal/campus_tour_ws/install/visitor_agents/lib'
[2.765s] Level 1:colcon.colcon_core.environment:checking '/home/khushal/campus_tour_ws/install/visitor_agents/bin'
[2.765s] Level 1:colcon.colcon_core.environment:checking '/home/khushal/campus_tour_ws/install/visitor_agents/lib/pkgconfig/visitor_agents.pc'
[2.765s] Level 1:colcon.colcon_core.environment:checking '/home/khushal/campus_tour_ws/install/visitor_agents/lib/python3.10/site-packages'
[2.765s] Level 1:colcon.colcon_core.shell:create_environment_hook('visitor_agents', 'pythonpath')
[2.766s] INFO:colcon.colcon_core.shell:Creating environment hook '/home/khushal/campus_tour_ws/install/visitor_agents/share/visitor_agents/hook/pythonpath.ps1'
[2.766s] INFO:colcon.colcon_core.shell:Creating environment descriptor '/home/khushal/campus_tour_ws/install/visitor_agents/share/visitor_agents/hook/pythonpath.dsv'
[2.766s] INFO:colcon.colcon_core.shell:Creating environment hook '/home/khushal/campus_tour_ws/install/visitor_agents/share/visitor_agents/hook/pythonpath.sh'
[2.766s] Level 1:colcon.colcon_core.environment:checking '/home/khushal/campus_tour_ws/install/visitor_agents/bin'
[2.767s] Level 1:colcon.colcon_core.environment:create_environment_scripts_only(visitor_agents)
[2.767s] INFO:colcon.colcon_core.shell:Creating package script '/home/khushal/campus_tour_ws/install/visitor_agents/share/visitor_agents/package.ps1'
[2.767s] INFO:colcon.colcon_core.shell:Creating package descriptor '/home/khushal/campus_tour_ws/install/visitor_agents/share/visitor_agents/package.dsv'
[2.767s] INFO:colcon.colcon_core.shell:Creating package script '/home/khushal/campus_tour_ws/install/visitor_agents/share/visitor_agents/package.sh'
[2.768s] INFO:colcon.colcon_core.shell:Creating package script '/home/khushal/campus_tour_ws/install/visitor_agents/share/visitor_agents/package.bash'
[2.768s] INFO:colcon.colcon_core.shell:Creating package script '/home/khushal/campus_tour_ws/install/visitor_agents/share/visitor_agents/package.zsh'
[2.768s] Level 1:colcon.colcon_core.environment:create_file_with_runtime_dependencies(/home/khushal/campus_tour_ws/install/visitor_agents/share/colcon-core/packages/visitor_agents)
[2.769s] Level 1:colcon.colcon_core.environment:checking '/home/khushal/campus_tour_ws/install/ci_agents' for CMake module files
[2.770s] DEBUG:colcon.colcon_core.event_handler.log_command:Invoked command in '/home/khushal/campus_tour_ws/src/ci_agents' returned '0': PYTHONPATH=/home/khushal/campus_tour_ws/build/ci_agents/prefix_override:/usr/lib/python3/dist-packages/colcon_core/task/python/colcon_distutils_commands:/home/khushal/campus_tour_ws/install/ci_agents/lib/python3.10/site-packages:${PYTHONPATH} /usr/bin/python3 -W ignore:setup.py install is deprecated setup.py egg_info --egg-base ../../build/ci_agents build --build-base /home/khushal/campus_tour_ws/build/ci_agents/build install --record /home/khushal/campus_tour_ws/build/ci_agents/install.log --single-version-externally-managed install_data
[2.771s] Level 1:colcon.colcon_core.environment:checking '/home/khushal/campus_tour_ws/install/ci_agents' for CMake config files
[2.774s] Level 1:colcon.colcon_core.environment:checking '/home/khushal/campus_tour_ws/install/ci_agents/lib'
[2.774s] Level 1:colcon.colcon_core.environment:checking '/home/khushal/campus_tour_ws/install/ci_agents/bin'
[2.774s] Level 1:colcon.colcon_core.environment:checking '/home/khushal/campus_tour_ws/install/ci_agents/lib/pkgconfig/ci_agents.pc'
[2.774s] Level 1:colcon.colcon_core.environment:checking '/home/khushal/campus_tour_ws/install/ci_agents/lib/python3.10/site-packages'
[2.774s] Level 1:colcon.colcon_core.shell:create_environment_hook('ci_agents', 'pythonpath')
[2.775s] INFO:colcon.colcon_core.shell:Creating environment hook '/home/khushal/campus_tour_ws/install/ci_agents/share/ci_agents/hook/pythonpath.ps1'
[2.775s] INFO:colcon.colcon_core.shell:Creating environment descriptor '/home/khushal/campus_tour_ws/install/ci_agents/share/ci_agents/hook/pythonpath.dsv'
[2.776s] INFO:colcon.colcon_core.shell:Creating environment hook '/home/khushal/campus_tour_ws/install/ci_agents/share/ci_agents/hook/pythonpath.sh'
[2.776s] Level 1:colcon.colcon_core.environment:checking '/home/khushal/campus_tour_ws/install/ci_agents/bin'
[2.776s] Level 1:colcon.colcon_core.environment:create_environment_scripts_only(ci_agents)
[2.777s] INFO:colcon.colcon_core.shell:Creating package script '/home/khushal/campus_tour_ws/install/ci_agents/share/ci_agents/package.ps1'
[2.777s] INFO:colcon.colcon_core.shell:Creating package descriptor '/home/khushal/campus_tour_ws/install/ci_agents/share/ci_agents/package.dsv'
[2.778s] INFO:colcon.colcon_core.shell:Creating package script '/home/khushal/campus_tour_ws/install/ci_agents/share/ci_agents/package.sh'
[2.778s] INFO:colcon.colcon_core.shell:Creating package script '/home/khushal/campus_tour_ws/install/ci_agents/share/ci_agents/package.bash'
[2.778s] INFO:colcon.colcon_core.shell:Creating package script '/home/khushal/campus_tour_ws/install/ci_agents/share/ci_agents/package.zsh'
[2.779s] Level 1:colcon.colcon_core.environment:create_file_with_runtime_dependencies(/home/khushal/campus_tour_ws/install/ci_agents/share/colcon-core/packages/ci_agents)
[2.779s] DEBUG:colcon.colcon_parallel_executor.executor.parallel:closing loop
[2.780s] DEBUG:colcon.colcon_parallel_executor.executor.parallel:loop closed
[2.780s] DEBUG:colcon.colcon_parallel_executor.executor.parallel:run_until_complete finished with '0'
[2.780s] DEBUG:colcon.colcon_core.event_reactor:joining thread
[2.831s] INFO:colcon.colcon_core.plugin_system:Skipping extension 'colcon_notification.desktop_notification.notify_send': Could not find 'notify-send'
[2.831s] INFO:colcon.colcon_core.plugin_system:Skipping extension 'colcon_notification.desktop_notification.terminal_notifier': Not used on non-Darwin systems
[2.831s] INFO:colcon.colcon_core.plugin_system:Skipping extension 'colcon_notification.desktop_notification.win32': Not used on non-Windows systems
[2.831s] INFO:colcon.colcon_notification.desktop_notification:Sending desktop notification using 'notify2'
[2.850s] DEBUG:colcon.colcon_notification.desktop_notification.notify2:Failed to initialize notify2: org.freedesktop.DBus.Error.ServiceUnknown: The name org.freedesktop.Notifications was not provided by any .service files
[2.850s] DEBUG:colcon.colcon_core.event_reactor:joined thread
[2.851s] INFO:colcon.colcon_core.shell:Creating prefix script '/home/khushal/campus_tour_ws/install/local_setup.ps1'
[2.852s] INFO:colcon.colcon_core.shell:Creating prefix util module '/home/khushal/campus_tour_ws/install/_local_setup_util_ps1.py'
[2.853s] INFO:colcon.colcon_core.shell:Creating prefix chain script '/home/khushal/campus_tour_ws/install/setup.ps1'
[2.855s] INFO:colcon.colcon_core.shell:Creating prefix script '/home/khushal/campus_tour_ws/install/local_setup.sh'
[2.855s] INFO:colcon.colcon_core.shell:Creating prefix util module '/home/khushal/campus_tour_ws/install/_local_setup_util_sh.py'
[2.856s] INFO:colcon.colcon_core.shell:Creating prefix chain script '/home/khushal/campus_tour_ws/install/setup.sh'
[2.857s] INFO:colcon.colcon_core.shell:Creating prefix script '/home/khushal/campus_tour_ws/install/local_setup.bash'
[2.858s] INFO:colcon.colcon_core.shell:Creating prefix chain script '/home/khushal/campus_tour_ws/install/setup.bash'
[2.859s] INFO:colcon.colcon_core.shell:Creating prefix script '/home/khushal/campus_tour_ws/install/local_setup.zsh'
[2.860s] INFO:colcon.colcon_core.shell:Creating prefix chain script '/home/khushal/campus_tour_ws/install/setup.zsh'
